This is TeX, Version 3.1415 (C version 6.1) (format=latex2e 98.6.30)  29 MAR 2001 10:19
**main.tex
(main.tex
LaTeX2e <1995/12/01> patch level 2
(/usr/imports/lib/tex/latex2e/latex209.def
File: latex209.def 1995/12/08 v0.50 Standard LaTeX file

Entering LaTeX 2.09 compatibility mode.
\footheight=\dimen102
\@maxsep=\dimen103
\@dblmaxsep=\dimen104
\@cla=\count79
\@clb=\count80
\mscount=\count81
(/usr/imports/lib/tex/latex2e/tracefnt.sty
Package: tracefnt 1995/11/28v3.0g Standard LaTeX package (font tracing)
\tracingfonts=\count82
LaTeX Info: Redefining \selectfont on input line 138.
)
\symbold=\mathgroup4
\symsans=\mathgroup5
\symtypewriter=\mathgroup6
\symitalic=\mathgroup7
\symsmallcaps=\mathgroup8
\symslanted=\mathgroup9
LaTeX Font Info:    Redeclaring math alphabet \mathbf on input line 299.
LaTeX Font Info:    Redeclaring math alphabet \mathsf on input line 300.
LaTeX Font Info:    Redeclaring math alphabet \mathtt on input line 301.
LaTeX Font Info:    Redeclaring math alphabet \mathit on input line 307.
LaTeX Info: Redefining \em on input line 317.

(/usr/imports/lib/tex/latex2e/latexsym.sty
Package: latexsym 1995/11/28 v2.2c Standard LaTeX package (lasy symbols)
\symlasy=\mathgroup10
LaTeX Font Info:    Overwriting symbol font `lasy' in version `bold'
(Font)                  U/lasy/m/n --> U/lasy/b/n on input line 85.
)
LaTeX Font Info:    Redeclaring math delimiter \lgroup on input line 382.
LaTeX Font Info:    Redeclaring math delimiter \rgroup on input line 384.
LaTeX Font Info:    Redeclaring math delimiter \bracevert on input line 386.
)
(/usr/imports/lib/tex/latex2e/article.cls
Document Class: article 1995/12/20 v1.3q Standard LaTeX document class
(/usr/imports/lib/tex/latex2e/size10.clo
File: size10.clo 1995/12/20 v1.3q Standard LaTeX file (size option)
)
\c@part=\count83
\c@section=\count84
\c@subsection=\count85
\c@subsubsection=\count86
\c@paragraph=\count87
\c@subparagraph=\count88
\c@figure=\count89
\c@table=\count90
\abovecaptionskip=\skip41
\belowcaptionskip=\skip42
Compatibility mode: definition of \rm ignored.
Compatibility mode: definition of \sf ignored.
Compatibility mode: definition of \tt ignored.
Compatibility mode: definition of \bf ignored.
Compatibility mode: definition of \it ignored.
Compatibility mode: definition of \sl ignored.
Compatibility mode: definition of \sc ignored.
LaTeX Info: Redefining \cal on input line 542.
LaTeX Info: Redefining \mit on input line 543.
\bibindent=\dimen105
) (/homes/perlis/M/tex/inputs/aaai.sty
Conference Style for AAAI -- version of 22 February 1994
\titlebox=\skip43
) (main.aux)
LaTeX Font Info:    Checking defaults for OML/cmm/m/it on input line 12.
LaTeX Font Info:    ... okay on input line 12.
LaTeX Font Info:    Checking defaults for T1/cmr/m/n on input line 12.
LaTeX Font Info:    ... okay on input line 12.
LaTeX Font Info:    Checking defaults for OT1/cmr/m/n on input line 12.
LaTeX Font Info:    ... okay on input line 12.
LaTeX Font Info:    Checking defaults for OMS/cmsy/m/n on input line 12.
LaTeX Font Info:    ... okay on input line 12.
LaTeX Font Info:    Checking defaults for OMX/cmex/m/n on input line 12.
LaTeX Font Info:    ... okay on input line 12.
LaTeX Font Info:    Checking defaults for U/cmr/m/n on input line 12.
LaTeX Font Info:    ... okay on input line 12.
LaTeX Font Info:    External font `cmex10' loaded for size
(Font)              <7> on input line 13.
LaTeX Font Info:    External font `cmex10' loaded for size
(Font)              <5> on input line 13.
LaTeX Font Info:    Try loading font information for U+lasy on input line 13.
 (/usr/imports/lib/tex/latex2e/Ulasy.fd
File: Ulasy.fd 1995/11/28 v2.2cLaTeX symbol font definitions
) (introduction.tex [1



]
LaTeX Font Info:    External font `cmex10' loaded for size
(Font)              <9> on input line 154.
LaTeX Font Info:    External font `cmex10' loaded for size
(Font)              <6> on input line 154.


LaTeX Warning: Citation `mccarthy...' on page 2 undefined on input line 154.

) (almaCarne.tex
Underfull \hbox (badness 10000) in paragraph at lines 38--44
[]\OT1/cmr/m/n/10 These con-tra-dic-tions are
 []

[2]) (applications.tex [3]

LaTeX Warning: Citation `trains...' on page 4 undefined on input line 121.


Underfull \hbox (badness 3758) in paragraph at lines 140--145
[]  \OT1/cmr/bx/n/10 As-sump-tion \OT1/cmr/m/n/10 For un-cer-tainty res-o-lu-ti
on, peo-ple
 []


Underfull \vbox (badness 10000) has occurred while \output is active []

 [4])
(fft.tex

LaTeX Warning: Citation `lenat...' on page 5 undefined on input line 31.

[5] [6]

LaTeX Warning: Citation `?' on page 7 undefined on input line 166.

) (importing.tex

LaTeX Warning: Citation `reiter-dekleer' on page 7 undefined on input line 19.

) (main.bbl
Underfull \vbox (badness 4765) has occurred while \output is active []

 [7])
[8

] (main.aux) ) 
Here is how much of TeX's memory you used:
 453 strings out of 10945
 4610 string characters out of 73481
 51992 words of memory out of 262141
 3291 multiletter control sequences out of 9500
 16712 words of font info for 61 fonts, out of 100000 for 255
 14 hyphenation exceptions out of 607
 23i,10n,21p,602b,304s stack positions out of 300i,100n,60p,3000b,4000s

Output written on main.dvi (8 pages, 50832 bytes).
