This is TeX, Version 3.1415 (C version 6.1) (format=latex2e 96.5.8)  16 JAN 1997 16:02
**allcite.tex
(allcite.tex
LaTeX2e <1995/12/01> patch level 2
(/usr/imports/lib/tex/latex2e/latex209.def
File: latex209.def 1995/12/08 v0.50 Standard LaTeX file

Entering LaTeX 2.09 compatibility mode.
\footheight=\dimen102
\@maxsep=\dimen103
\@dblmaxsep=\dimen104
\@cla=\count79
\@clb=\count80
\mscount=\count81
(/usr/imports/lib/tex/latex2e/tracefnt.sty
Package: tracefnt 1995/11/28v3.0g Standard LaTeX package (font tracing)
\tracingfonts=\count82
LaTeX Info: Redefining \selectfont on input line 138.
)
\symbold=\mathgroup4
\symsans=\mathgroup5
\symtypewriter=\mathgroup6
\symitalic=\mathgroup7
\symsmallcaps=\mathgroup8
\symslanted=\mathgroup9
LaTeX Font Info:    Redeclaring math alphabet \mathbf on input line 299.
LaTeX Font Info:    Redeclaring math alphabet \mathsf on input line 300.
LaTeX Font Info:    Redeclaring math alphabet \mathtt on input line 301.
LaTeX Font Info:    Redeclaring math alphabet \mathit on input line 307.
LaTeX Info: Redefining \em on input line 317.

(/usr/imports/lib/tex/latex2e/latexsym.sty
Package: latexsym 1995/11/28 v2.2c Standard LaTeX package (lasy symbols)
\symlasy=\mathgroup10
LaTeX Font Info:    Overwriting symbol font `lasy' in version `bold'
(Font)                  U/lasy/m/n --> U/lasy/b/n on input line 85.
)
LaTeX Font Info:    Redeclaring math delimiter \lgroup on input line 382.
LaTeX Font Info:    Redeclaring math delimiter \rgroup on input line 384.
LaTeX Font Info:    Redeclaring math delimiter \bracevert on input line 386.
) (allcite.cls
Compatibility mode: document class `allcite' requested, but `article' provided.


Document Class: article 1994/06/02 v1.2s Standard LaTeX document class
(/usr/imports/lib/tex/latex2e/size12.clo
File: size12.clo 1995/12/20 v1.3q Standard LaTeX file (size option)
)
\c@part=\count83
\c@section=\count84
\c@subsection=\count85
\c@subsubsection=\count86
\c@paragraph=\count87
\c@subparagraph=\count88
\c@figure=\count89
\c@table=\count90
\abovecaptionskip=\skip41
\belowcaptionskip=\skip42
Compatibility mode: definition of \rm ignored.
Compatibility mode: definition of \sf ignored.
Compatibility mode: definition of \tt ignored.
Compatibility mode: definition of \bf ignored.
Compatibility mode: definition of \it ignored.
Compatibility mode: definition of \sl ignored.
Compatibility mode: definition of \sc ignored.
\bibindent=\dimen105
) (allcite.aux)
LaTeX Font Info:    Checking defaults for OML/cmm/m/it on input line 2.
LaTeX Font Info:    ... okay on input line 2.
LaTeX Font Info:    Checking defaults for T1/cmr/m/n on input line 2.
LaTeX Font Info:    ... okay on input line 2.
LaTeX Font Info:    Checking defaults for OT1/cmr/m/n on input line 2.
LaTeX Font Info:    ... okay on input line 2.
LaTeX Font Info:    Checking defaults for OMS/cmsy/m/n on input line 2.
LaTeX Font Info:    ... okay on input line 2.
LaTeX Font Info:    Checking defaults for OMX/cmex/m/n on input line 2.
LaTeX Font Info:    ... okay on input line 2.
LaTeX Font Info:    Checking defaults for U/cmr/m/n on input line 2.
LaTeX Font Info:    ... okay on input line 2.
 (allcite.bbl [1

]
[2]
Underfull \hbox (badness 1867) in paragraph at lines 184--189
[][]\OT1/cmr/m/n/12 J. Elgot-Drapkin.  Us-ing step-logic for tractable non-mono
tonic
 []

[3] [4]) [5] (allcite.aux) ) 
Here is how much of TeX's memory you used:
 384 strings out of 10945
 4489 string characters out of 73482
 48476 words of memory out of 262141
 3273 multiletter control sequences out of 9500
 5243 words of font info for 19 fonts, out of 100000 for 255
 14 hyphenation exceptions out of 607
 24i,4n,21p,164b,232s stack positions out of 300i,100n,60p,3000b,4000s

Output written on allcite.dvi (5 pages, 12468 bytes).
