This is TeX, Version 3.1415 (C version 6.1) (format=latex2e 96.5.8)  7 NOV 1997 14:39
**images.tex
(images.tex
LaTeX2e <1995/12/01> patch level 2

(/usr/imports/lib/tex/latex2e/latex209.def
File: latex209.def 1995/12/08 v0.50 Standard LaTeX file
Entering LaTeX 2.09 compatibility mode.
\footheight=\dimen102
\@maxsep=\dimen103
\@dblmaxsep=\dimen104
\@cla=\count79
\@clb=\count80
\mscount=\count81
(/usr/imports/lib/tex/latex2e/tracefnt.sty
Package: tracefnt 1995/11/28v3.0g Standard LaTeX package (font tracing)
\tracingfonts=\count82
LaTeX Info: Redefining \selectfont on input line 138.
)
\symbold=\mathgroup4
\symsans=\mathgroup5
\symtypewriter=\mathgroup6
\symitalic=\mathgroup7
\symsmallcaps=\mathgroup8
\symslanted=\mathgroup9
LaTeX Font Info:    Redeclaring math alphabet \mathbf on input line 299.
LaTeX Font Info:    Redeclaring math alphabet \mathsf on input line 300.
LaTeX Font Info:    Redeclaring math alphabet \mathtt on input line 301.
LaTeX Font Info:    Redeclaring math alphabet \mathit on input line 307.
LaTeX Info: Redefining \em on input line 317.
(/usr/imports/lib/tex/latex2e/latexsym.sty
Package: latexsym 1995/11/28 v2.2c Standard LaTeX package (lasy symbols)
\symlasy=\mathgroup10
LaTeX Font Info:    Overwriting symbol font `lasy' in version `bold'
(Font)                  U/lasy/m/n --> U/lasy/b/n on input line 85.
)
LaTeX Font Info:    Redeclaring math delimiter \lgroup on input line 382.
LaTeX Font Info:    Redeclaring math delimiter \rgroup on input line 384.
LaTeX Font Info:    Redeclaring math delimiter \bracevert on input line 386.
) (/usr/imports/lib/tex/latex2e/article.cls
Document Class: article 1995/12/20 v1.3q Standard LaTeX document class
(/usr/imports/lib/tex/latex2e/size10.clo
File: size10.clo 1995/12/20 v1.3q Standard LaTeX file (size option)
)
\c@part=\count83
\c@section=\count84
\c@subsection=\count85
\c@subsubsection=\count86
\c@paragraph=\count87
\c@subparagraph=\count88
\c@figure=\count89
\c@table=\count90
\abovecaptionskip=\skip41
\belowcaptionskip=\skip42
Compatibility mode: definition of \rm ignored.
Compatibility mode: definition of \sf ignored.
Compatibility mode: definition of \tt ignored.
Compatibility mode: definition of \bf ignored.
Compatibility mode: definition of \it ignored.
Compatibility mode: definition of \sl ignored.
Compatibility mode: definition of \sc ignored.
LaTeX Info: Redefining \cal on input line 542.
LaTeX Info: Redefining \mit on input line 543.
\bibindent=\dimen105
)
\lthtmlwrite=\write3
\sizebox=\box26
(images.aux)
LaTeX Font Info:    Checking defaults for OML/cmm/m/it on input line 10.
LaTeX Font Info:    ... okay on input line 10.
LaTeX Font Info:    Checking defaults for T1/cmr/m/n on input line 10.
LaTeX Font Info:    ... okay on input line 10.
LaTeX Font Info:    Checking defaults for OT1/cmr/m/n on input line 10.
LaTeX Font Info:    ... okay on input line 10.
LaTeX Font Info:    Checking defaults for OMS/cmsy/m/n on input line 10.
LaTeX Font Info:    ... okay on input line 10.
LaTeX Font Info:    Checking defaults for OMX/cmex/m/n on input line 10.
LaTeX Font Info:    ... okay on input line 10.
LaTeX Font Info:    Checking defaults for U/cmr/m/n on input line 10.
LaTeX Font Info:    ... okay on input line 10.
LaTeX Font Info:    External font `cmex10' loaded for size
(Font)              <7> on input line 14.
LaTeX Font Info:    External font `cmex10' loaded for size
(Font)              <5> on input line 14.
LaTeX Font Info:    Try loading font information for U+lasy on input line 14.
(/usr/imports/lib/tex/latex2e/Ulasy.fd
File: Ulasy.fd 1995/11/28 v2.2cLaTeX symbol font definitions
)
! Undefined control sequence.
l.14 \samepage \setbox\sizebox=\hbox{$({\mathbb
                                                Z},<,+)$}\lthtmltypeout{late...
The control sequence at the end of the top line
of your error message was never \def'ed. If you have
misspelled it (e.g., `\hobx'), type `I' and the correct
spelling (e.g., `I\hbox'). Otherwise just continue,
and I'll forget about whatever was undefined.

latex2htmlSize :tex2html_wrap_inline36: 7.5pt::2.5pt.
[1


]
! Undefined control sequence.
l.19 \samepage \setbox\sizebox=\hbox{$({\mathbb
                                                Z},<)$}\lthtmltypeout{latex2...
The control sequence at the end of the top line
of your error message was never \def'ed. If you have
misspelled it (e.g., `\hobx'), type `I' and the correct
spelling (e.g., `I\hbox'). Otherwise just continue,
and I'll forget about whatever was undefined.

latex2htmlSize :tex2html_wrap_inline38: 7.5pt::2.5pt.
[2

]
latex2htmlSize :tex2html_wrap_inline44: 5.83333pt::1.94444pt.
[3

]
latex2htmlSize :tex2html_wrap_inline52: 7.5pt::2.5pt.
[4

]
! Undefined control sequence.
l.34 ...page \begin{displaymath}A= \{a\in {\mathbb
                                                   Z}\mid \Phi (a,b)\} .\end...
The control sequence at the end of the top line
of your error message was never \def'ed. If you have
misspelled it (e.g., `\hobx'), type `I' and the correct
spelling (e.g., `I\hbox'). Otherwise just continue,
and I'll forget about whatever was undefined.

[5

] (images.aux) ) 
Here is how much of TeX's memory you used:
 358 strings out of 10945
 3546 string characters out of 73482
 44854 words of memory out of 262141
 3237 multiletter control sequences out of 9500
 9298 words of font info for 35 fonts, out of 100000 for 255
 14 hyphenation exceptions out of 607
 19i,4n,19p,304b,135s stack positions out of 300i,100n,60p,3000b,4000s

Output written on images.dvi (5 pages, 700 bytes).
