This is TeX, Version 3.1415 (C version 6.1) (format=lplain 98.6.30)  16 JUN 2001 18:22
**./images.tex
(images.tex
LaTeX Version 2.09 <25 March 1992>

! Undefined control sequence.
l.2 \documentclass
                  {article}
The control sequence at the end of the top line
of your error message was never \def'ed. If you have
misspelled it (e.g., `\hobx'), type `I' and the correct
spelling (e.g., `I\hbox'). Otherwise just continue,
and I'll forget about whatever was undefined.

LaTeX error.  See LaTeX manual for explanation.
              Type  H <return>  for immediate help.
! Missing \begin{document}.
\@latexerr ...for immediate help.}\errmessage {#1}
                                                  
<to be read again> 
                   a
l.2 \documentclass{a
                    rticle}
You're in trouble here.  Try typing  <return>  to proceed.
If that doesn't work, type  X <return>  to quit.

! Undefined control sequence.
l.4 \usepackage
               {times}
The control sequence at the end of the top line
of your error message was never \def'ed. If you have
misspelled it (e.g., `\hobx'), type `I' and the correct
spelling (e.g., `I\hbox'). Otherwise just continue,
and I'll forget about whatever was undefined.

! Undefined control sequence.
l.5 \usepackage
               {eufrak}
The control sequence at the end of the top line
of your error message was never \def'ed. If you have
misspelled it (e.g., `\hobx'), type `I' and the correct
spelling (e.g., `I\hbox'). Otherwise just continue,
and I'll forget about whatever was undefined.

! Undefined control sequence.
l.16 \providecommand
                    {\comment}[1]{{\bf #1}}
The control sequence at the end of the top line
of your error message was never \def'ed. If you have
misspelled it (e.g., `\hobx'), type `I' and the correct
spelling (e.g., `I\hbox'). Otherwise just continue,
and I'll forget about whatever was undefined.

! Undefined control sequence.
l.16 \providecommand{\comment
                             }[1]{{\bf #1}}
The control sequence at the end of the top line
of your error message was never \def'ed. If you have
misspelled it (e.g., `\hobx'), type `I' and the correct
spelling (e.g., `I\hbox'). Otherwise just continue,
and I'll forget about whatever was undefined.

LaTeX error.  See LaTeX manual for explanation.
              Type  H <return>  for immediate help.
! Missing \begin{document}.
\@latexerr ...for immediate help.}\errmessage {#1}
                                                  
<to be read again> 
                   [
l.16 \providecommand{\comment}[
                               1]{{\bf #1}}
You're in trouble here.  Try typing  <return>  to proceed.
If that doesn't work, type  X <return>  to quit.

! You can't use `macro parameter character #' in horizontal mode.
l.16 \providecommand{\comment}[1]{{\bf #
                                        1}}
Sorry, but I'm not programmed to handle this case;
I'll just pretend that you didn't ask for it.
If you're in the wrong mode, you might be able to
return to the right one by typing `I}' or `I$' or `I\par'.

! Undefined control sequence.
l.17 \par\usepackage
                    [dvips]{color}
The control sequence at the end of the top line
of your error message was never \def'ed. If you have
misspelled it (e.g., `\hobx'), type `I' and the correct
spelling (e.g., `I\hbox'). Otherwise just continue,
and I'll forget about whatever was undefined.

LaTeX error.  See LaTeX manual for explanation.
              Type  H <return>  for immediate help.
! Missing \begin{document}.
\@latexerr ...for immediate help.}\errmessage {#1}
                                                  
<to be read again> 
                   [
l.17 \par\usepackage[
                     dvips]{color}
You're in trouble here.  Try typing  <return>  to proceed.
If that doesn't work, type  X <return>  to quit.

! Undefined control sequence.
l.18 \pagecolor
               [gray]{.7}
The control sequence at the end of the top line
of your error message was never \def'ed. If you have
misspelled it (e.g., `\hobx'), type `I' and the correct
spelling (e.g., `I\hbox'). Otherwise just continue,
and I'll forget about whatever was undefined.

\sizebox=\box25
\lthtmlwrite=\write3
! Undefined control sequence.
\@floatplacement ...global \@toproom \topfraction 
                                                  \@colht \global \@botnum \...

\document ... \hsize \begingroup \@floatplacement 
                                                  \@dblfloatplacement \makea...
l.87 \begin{document}
                     
The control sequence at the end of the top line
of your error message was never \def'ed. If you have
misspelled it (e.g., `\hobx'), type `I' and the correct
spelling (e.g., `I\hbox'). Otherwise just continue,
and I'll forget about whatever was undefined.

! Undefined control sequence.
\@floatplacement ...bal \@botroom \bottomfraction 
                                                  \@colht \global \@colnum \...

\document ... \hsize \begingroup \@floatplacement 
                                                  \@dblfloatplacement \makea...
l.87 \begin{document}
                     
The control sequence at the end of the top line
of your error message was never \def'ed. If you have
misspelled it (e.g., `\hobx'), type `I' and the correct
spelling (e.g., `I\hbox'). Otherwise just continue,
and I'll forget about whatever was undefined.

! Undefined control sequence.
\@floatplacement ...er \@fpmin \floatpagefraction 
                                                  \@colht 
\document ... \hsize \begingroup \@floatplacement 
                                                  \@dblfloatplacement \makea...
l.87 \begin{document}
                     
The control sequence at the end of the top line
of your error message was never \def'ed. If you have
misspelled it (e.g., `\hobx'), type `I' and the correct
spelling (e.g., `I\hbox'). Otherwise just continue,
and I'll forget about whatever was undefined.

! Undefined control sequence.
\@dblfloatplacement ...dbltoproom \dbltopfraction 
                                                  \@colht \@fpmin \dblfloatp...

\document ...\@floatplacement \@dblfloatplacement 
                                                  \makeatletter \let \@write...
l.87 \begin{document}
                     
The control sequence at the end of the top line
of your error message was never \def'ed. If you have
misspelled it (e.g., `\hobx'), type `I' and the correct
spelling (e.g., `I\hbox'). Otherwise just continue,
and I'll forget about whatever was undefined.

! Undefined control sequence.
\@dblfloatplacement ...pmin \dblfloatpagefraction 
                                                  \textheight \@fptop \@dblf...

\document ...\@floatplacement \@dblfloatplacement 
                                                  \makeatletter \let \@write...
l.87 \begin{document}
                     
The control sequence at the end of the top line
of your error message was never \def'ed. If you have
misspelled it (e.g., `\hobx'), type `I' and the correct
spelling (e.g., `I\hbox'). Otherwise just continue,
and I'll forget about whatever was undefined.

No file images.aux.
! Undefined control sequence.
\document ...cmds \let \do \noexpand \@normalsize 
                                                  \everypar {}\@noskipsecfalse 
l.87 \begin{document}
                     
The control sequence at the end of the top line
of your error message was never \def'ed. If you have
misspelled it (e.g., `\hobx'), type `I' and the correct
spelling (e.g., `I\hbox'). Otherwise just continue,
and I'll forget about whatever was undefined.

latex2htmlLength hsize=349.0pt
latex2htmlLength vsize=614.295pt
latex2htmlLength hoffset=0.0pt
latex2htmlLength voffset=0.0pt
latex2htmlLength topmargin=0.0pt
latex2htmlLength topskip=0.00003pt
latex2htmlLength headheight=0.0pt
latex2htmlLength headsep=0.0pt
latex2htmlLength parskip=7.22743pt
latex2htmlLength oddsidemargin=0.0pt
latex2htmlLength evensidemargin=0.0pt
! You can't use `\relax' after \advance.
<recently read> \c@section 
                           
\stepcounter ...l \advance \csname c@#1\endcsname 
                                                  \@ne {\let \@elt \@stpelt ...
l.103 \stepcounter{section}
                           
I'm forgetting what you said and not changing anything.

! Undefined control sequence.
\normalsize ...\normalsize \rm \else \@normalsize 
                                                  \fi 
\@outputpage ...ut \vbox {\reset@font \normalsize 
                                                  \baselineskip \z@ \lineski...

\@opcol ...lumn \@outputdblcol \else \@outputpage 
                                                  \global \@colht \textheigh...
<output> ...specialoutput \else \@makecol \@opcol 
                                                  \@floatplacement \@startco...

\newpage ->\par \vfil \penalty -\@M 
                                    
l.104 {\newpage
               \clearpage
The control sequence at the end of the top line
of your error message was never \def'ed. If you have
misspelled it (e.g., `\hobx'), type `I' and the correct
spelling (e.g., `I\hbox'). Otherwise just continue,
and I'll forget about whatever was undefined.

[1]
! Undefined control sequence.
\@floatplacement ...global \@toproom \topfraction 
                                                  \@colht \global \@botnum \...
<output> ...se \@makecol \@opcol \@floatplacement 
                                                  \@startcolumn \@whilesw \i...

\newpage ->\par \vfil \penalty -\@M 
                                    
l.104 {\newpage
               \clearpage
The control sequence at the end of the top line
of your error message was never \def'ed. If you have
misspelled it (e.g., `\hobx'), type `I' and the correct
spelling (e.g., `I\hbox'). Otherwise just continue,
and I'll forget about whatever was undefined.

! Undefined control sequence.
\@floatplacement ...bal \@botroom \bottomfraction 
                                                  \@colht \global \@colnum \...
<output> ...se \@makecol \@opcol \@floatplacement 
                                                  \@startcolumn \@whilesw \i...

\newpage ->\par \vfil \penalty -\@M 
                                    
l.104 {\newpage
               \clearpage
The control sequence at the end of the top line
of your error message was never \def'ed. If you have
misspelled it (e.g., `\hobx'), type `I' and the correct
spelling (e.g., `I\hbox'). Otherwise just continue,
and I'll forget about whatever was undefined.

! Undefined control sequence.
\@floatplacement ...er \@fpmin \floatpagefraction 
                                                  \@colht 
<output> ...se \@makecol \@opcol \@floatplacement 
                                                  \@startcolumn \@whilesw \i...

\newpage ->\par \vfil \penalty -\@M 
                                    
l.104 {\newpage
               \clearpage
The control sequence at the end of the top line
of your error message was never \def'ed. If you have
misspelled it (e.g., `\hobx'), type `I' and the correct
spelling (e.g., `I\hbox'). Otherwise just continue,
and I'll forget about whatever was undefined.

! Undefined control sequence.
\realnormalsize ...malsize \rm \else \@normalsize 
                                                  \fi 
\normalsize ->\mathsurround =0pt \realnormalsize 
                                                 \parindent =0pt\abovedispla...

\lthtmlhboxmathA ->\adjustnormalsize 
                                     \setbox \sizebox =\hbox \bgroup 
\lthtmlinlinemathA ...thtype {#1}\lthtmlhboxmathA 
                                                  \vrule height1.5ex width0pt 
l.105 \lthtmlinlinemathA{tex2html_wrap_inline125}
                                                 %
The control sequence at the end of the top line
of your error message was never \def'ed. If you have
misspelled it (e.g., `\hobx'), type `I' and the correct
spelling (e.g., `I\hbox'). Otherwise just continue,
and I'll forget about whatever was undefined.

l2hSize :tex2html_wrap_inline125:7.44444pt::7.44444pt::5.95834pt.
! Undefined control sequence.
\realnormalsize ...malsize \rm \else \@normalsize 
                                                  \fi 
\normalsize ->\mathsurround =0pt \realnormalsize 
                                                 \parindent =0pt\abovedispla...

\@outputpage ...ut \vbox {\reset@font \normalsize 
                                                  \baselineskip \z@ \lineski...

\@opcol ...lumn \@outputdblcol \else \@outputpage 
                                                  \global \@colht \textheigh...
<output> ...specialoutput \else \@makecol \@opcol 
                                                  \@floatplacement \@startco...

\newpage ->\par \vfil \penalty -\@M 
                                    
...
l.108 \hfill\lthtmlcheckvsize\clearpage
                                       }
The control sequence at the end of the top line
of your error message was never \def'ed. If you have
misspelled it (e.g., `\hobx'), type `I' and the correct
spelling (e.g., `I\hbox'). Otherwise just continue,
and I'll forget about whatever was undefined.

[2

]
! Undefined control sequence.
\@floatplacement ...global \@toproom \topfraction 
                                                  \@colht \global \@botnum \...
<output> ...se \@makecol \@opcol \@floatplacement 
                                                  \@startcolumn \@whilesw \i...

\newpage ->\par \vfil \penalty -\@M 
                                    
\clearpage ->\newpage 
                      \write \m@ne {}\vbox {}\penalty -\@Mi 
l.108 \hfill\lthtmlcheckvsize\clearpage
                                       }
The control sequence at the end of the top line
of your error message was never \def'ed. If you have
misspelled it (e.g., `\hobx'), type `I' and the correct
spelling (e.g., `I\hbox'). Otherwise just continue,
and I'll forget about whatever was undefined.

! Undefined control sequence.
\@floatplacement ...bal \@botroom \bottomfraction 
                                                  \@colht \global \@colnum \...
<output> ...se \@makecol \@opcol \@floatplacement 
                                                  \@startcolumn \@whilesw \i...

\newpage ->\par \vfil \penalty -\@M 
                                    
\clearpage ->\newpage 
                      \write \m@ne {}\vbox {}\penalty -\@Mi 
l.108 \hfill\lthtmlcheckvsize\clearpage
                                       }
The control sequence at the end of the top line
of your error message was never \def'ed. If you have
misspelled it (e.g., `\hobx'), type `I' and the correct
spelling (e.g., `I\hbox'). Otherwise just continue,
and I'll forget about whatever was undefined.

! Undefined control sequence.
\@floatplacement ...er \@fpmin \floatpagefraction 
                                                  \@colht 
<output> ...se \@makecol \@opcol \@floatplacement 
                                                  \@startcolumn \@whilesw \i...

\newpage ->\par \vfil \penalty -\@M 
                                    
\clearpage ->\newpage 
                      \write \m@ne {}\vbox {}\penalty -\@Mi 
l.108 \hfill\lthtmlcheckvsize\clearpage
                                       }
The control sequence at the end of the top line
of your error message was never \def'ed. If you have
misspelled it (e.g., `\hobx'), type `I' and the correct
spelling (e.g., `I\hbox'). Otherwise just continue,
and I'll forget about whatever was undefined.

! Undefined control sequence.
\realnormalsize ...malsize \rm \else \@normalsize 
                                                  \fi 
\normalsize ->\mathsurround =0pt \realnormalsize 
                                                 \parindent =0pt\abovedispla...

\lthtmlhboxmathA ->\adjustnormalsize 
                                     \setbox \sizebox =\hbox \bgroup 
\lthtmlinlinemathA ...thtype {#1}\lthtmlhboxmathA 
                                                  \vrule height1.5ex width0pt 
l.111 \lthtmlinlinemathA{tex2html_wrap_inline127}
                                                 %
The control sequence at the end of the top line
of your error message was never \def'ed. If you have
misspelled it (e.g., `\hobx'), type `I' and the correct
spelling (e.g., `I\hbox'). Otherwise just continue,
and I'll forget about whatever was undefined.

l2hSize :tex2html_wrap_inline127:7.44444pt::7.44444pt::20.90465pt.
! Undefined control sequence.
\realnormalsize ...malsize \rm \else \@normalsize 
                                                  \fi 
\normalsize ->\mathsurround =0pt \realnormalsize 
                                                 \parindent =0pt\abovedispla...

\@outputpage ...ut \vbox {\reset@font \normalsize 
                                                  \baselineskip \z@ \lineski...

\@opcol ...lumn \@outputdblcol \else \@outputpage 
                                                  \global \@colht \textheigh...
<output> ...specialoutput \else \@makecol \@opcol 
                                                  \@floatplacement \@startco...

\newpage ->\par \vfil \penalty -\@M 
                                    
...
l.114 \hfill\lthtmlcheckvsize\clearpage
                                       }
The control sequence at the end of the top line
of your error message was never \def'ed. If you have
misspelled it (e.g., `\hobx'), type `I' and the correct
spelling (e.g., `I\hbox'). Otherwise just continue,
and I'll forget about whatever was undefined.

[3


]
! Undefined control sequence.
\@floatplacement ...global \@toproom \topfraction 
                                                  \@colht \global \@botnum \...
<output> ...se \@makecol \@opcol \@floatplacement 
                                                  \@startcolumn \@whilesw \i...

\newpage ->\par \vfil \penalty -\@M 
                                    
\clearpage ->\newpage 
                      \write \m@ne {}\vbox {}\penalty -\@Mi 
l.114 \hfill\lthtmlcheckvsize\clearpage
                                       }
The control sequence at the end of the top line
of your error message was never \def'ed. If you have
misspelled it (e.g., `\hobx'), type `I' and the correct
spelling (e.g., `I\hbox'). Otherwise just continue,
and I'll forget about whatever was undefined.

! Undefined control sequence.
\@floatplacement ...bal \@botroom \bottomfraction 
                                                  \@colht \global \@colnum \...
<output> ...se \@makecol \@opcol \@floatplacement 
                                                  \@startcolumn \@whilesw \i...

\newpage ->\par \vfil \penalty -\@M 
                                    
\clearpage ->\newpage 
                      \write \m@ne {}\vbox {}\penalty -\@Mi 
l.114 \hfill\lthtmlcheckvsize\clearpage
                                       }
The control sequence at the end of the top line
of your error message was never \def'ed. If you have
misspelled it (e.g., `\hobx'), type `I' and the correct
spelling (e.g., `I\hbox'). Otherwise just continue,
and I'll forget about whatever was undefined.

! Undefined control sequence.
\@floatplacement ...er \@fpmin \floatpagefraction 
                                                  \@colht 
<output> ...se \@makecol \@opcol \@floatplacement 
                                                  \@startcolumn \@whilesw \i...

\newpage ->\par \vfil \penalty -\@M 
                                    
\clearpage ->\newpage 
                      \write \m@ne {}\vbox {}\penalty -\@Mi 
l.114 \hfill\lthtmlcheckvsize\clearpage
                                       }
The control sequence at the end of the top line
of your error message was never \def'ed. If you have
misspelled it (e.g., `\hobx'), type `I' and the correct
spelling (e.g., `I\hbox'). Otherwise just continue,
and I'll forget about whatever was undefined.

! You can't use `\relax' after \advance.
<recently read> \c@section 
                           
\stepcounter ...l \advance \csname c@#1\endcsname 
                                                  \@ne {\let \@elt \@stpelt ...
l.116 \stepcounter{section}
                           
I'm forgetting what you said and not changing anything.

! You can't use `\relax' after \advance.
<recently read> \c@subsection 
                              
\stepcounter ...l \advance \csname c@#1\endcsname 
                                                  \@ne {\let \@elt \@stpelt ...
l.117 \stepcounter{subsection}
                              
I'm forgetting what you said and not changing anything.

! You can't use `\relax' after \advance.
<recently read> \c@subsection 
                              
\stepcounter ...l \advance \csname c@#1\endcsname 
                                                  \@ne {\let \@elt \@stpelt ...
l.118 \stepcounter{subsection}
                              
I'm forgetting what you said and not changing anything.

! Undefined control sequence.
\normalsize ...\normalsize \rm \else \@normalsize 
                                                  \fi 
\@outputpage ...ut \vbox {\reset@font \normalsize 
                                                  \baselineskip \z@ \lineski...

\@opcol ...lumn \@outputdblcol \else \@outputpage 
                                                  \global \@colht \textheigh...
<output> ...specialoutput \else \@makecol \@opcol 
                                                  \@floatplacement \@startco...

\newpage ->\par \vfil \penalty -\@M 
                                    
l.119 {\newpage
               \clearpage
The control sequence at the end of the top line
of your error message was never \def'ed. If you have
misspelled it (e.g., `\hobx'), type `I' and the correct
spelling (e.g., `I\hbox'). Otherwise just continue,
and I'll forget about whatever was undefined.

[4

]
! Undefined control sequence.
\@floatplacement ...global \@toproom \topfraction 
                                                  \@colht \global \@botnum \...
<output> ...se \@makecol \@opcol \@floatplacement 
                                                  \@startcolumn \@whilesw \i...

\newpage ->\par \vfil \penalty -\@M 
                                    
l.119 {\newpage
               \clearpage
The control sequence at the end of the top line
of your error message was never \def'ed. If you have
misspelled it (e.g., `\hobx'), type `I' and the correct
spelling (e.g., `I\hbox'). Otherwise just continue,
and I'll forget about whatever was undefined.

! Undefined control sequence.
\@floatplacement ...bal \@botroom \bottomfraction 
                                                  \@colht \global \@colnum \...
<output> ...se \@makecol \@opcol \@floatplacement 
                                                  \@startcolumn \@whilesw \i...

\newpage ->\par \vfil \penalty -\@M 
                                    
l.119 {\newpage
               \clearpage
The control sequence at the end of the top line
of your error message was never \def'ed. If you have
misspelled it (e.g., `\hobx'), type `I' and the correct
spelling (e.g., `I\hbox'). Otherwise just continue,
and I'll forget about whatever was undefined.

! Undefined control sequence.
\@floatplacement ...er \@fpmin \floatpagefraction 
                                                  \@colht 
<output> ...se \@makecol \@opcol \@floatplacement 
                                                  \@startcolumn \@whilesw \i...

\newpage ->\par \vfil \penalty -\@M 
                                    
l.119 {\newpage
               \clearpage
The control sequence at the end of the top line
of your error message was never \def'ed. If you have
misspelled it (e.g., `\hobx'), type `I' and the correct
spelling (e.g., `I\hbox'). Otherwise just continue,
and I'll forget about whatever was undefined.

! Undefined control sequence.
\realnormalsize ...malsize \rm \else \@normalsize 
                                                  \fi 
\normalsize ->\mathsurround =0pt \realnormalsize 
                                                 \parindent =0pt\abovedispla...

\lthtmlhboxmathA ->\adjustnormalsize 
                                     \setbox \sizebox =\hbox \bgroup 
\lthtmlinlinemathA ...thtype {#1}\lthtmlhboxmathA 
                                                  \vrule height1.5ex width0pt 
l.120 \lthtmlinlinemathA{tex2html_wrap_inline18}
                                                %
The control sequence at the end of the top line
of your error message was never \def'ed. If you have
misspelled it (e.g., `\hobx'), type `I' and the correct
spelling (e.g., `I\hbox'). Otherwise just continue,
and I'll forget about whatever was undefined.

! Undefined control sequence.
<recently read> \mathbf 
                        
<argument> $\mathbf 
                    {\circ }$
\mbox #1->\leavevmode \hbox {#1
                               }
l.121 $\mbox{$\mathbf{\circ}$}
                              $%
The control sequence at the end of the top line
of your error message was never \def'ed. If you have
misspelled it (e.g., `\hobx'), type `I' and the correct
spelling (e.g., `I\hbox'). Otherwise just continue,
and I'll forget about whatever was undefined.

l2hSize :tex2html_wrap_inline18:6.45831pt::0.0pt::5.00002pt.
! Undefined control sequence.
\realnormalsize ...malsize \rm \else \@normalsize 
                                                  \fi 
\normalsize ->\mathsurround =0pt \realnormalsize 
                                                 \parindent =0pt\abovedispla...

\@outputpage ...ut \vbox {\reset@font \normalsize 
                                                  \baselineskip \z@ \lineski...

\@opcol ...lumn \@outputdblcol \else \@outputpage 
                                                  \global \@colht \textheigh...
<output> ...specialoutput \else \@makecol \@opcol 
                                                  \@floatplacement \@startco...

\newpage ->\par \vfil \penalty -\@M 
                                    
...
l.123 \hfill\lthtmlcheckvsize\clearpage
                                       }
The control sequence at the end of the top line
of your error message was never \def'ed. If you have
misspelled it (e.g., `\hobx'), type `I' and the correct
spelling (e.g., `I\hbox'). Otherwise just continue,
and I'll forget about whatever was undefined.

[5

]
! Undefined control sequence.
\@floatplacement ...global \@toproom \topfraction 
                                                  \@colht \global \@botnum \...
<output> ...se \@makecol \@opcol \@floatplacement 
                                                  \@startcolumn \@whilesw \i...

\newpage ->\par \vfil \penalty -\@M 
                                    
\clearpage ->\newpage 
                      \write \m@ne {}\vbox {}\penalty -\@Mi 
l.123 \hfill\lthtmlcheckvsize\clearpage
                                       }
The control sequence at the end of the top line
of your error message was never \def'ed. If you have
misspelled it (e.g., `\hobx'), type `I' and the correct
spelling (e.g., `I\hbox'). Otherwise just continue,
and I'll forget about whatever was undefined.

! Undefined control sequence.
\@floatplacement ...bal \@botroom \bottomfraction 
                                                  \@colht \global \@colnum \...
<output> ...se \@makecol \@opcol \@floatplacement 
                                                  \@startcolumn \@whilesw \i...

\newpage ->\par \vfil \penalty -\@M 
                                    
\clearpage ->\newpage 
                      \write \m@ne {}\vbox {}\penalty -\@Mi 
l.123 \hfill\lthtmlcheckvsize\clearpage
                                       }
The control sequence at the end of the top line
of your error message was never \def'ed. If you have
misspelled it (e.g., `\hobx'), type `I' and the correct
spelling (e.g., `I\hbox'). Otherwise just continue,
and I'll forget about whatever was undefined.

! Undefined control sequence.
\@floatplacement ...er \@fpmin \floatpagefraction 
                                                  \@colht 
<output> ...se \@makecol \@opcol \@floatplacement 
                                                  \@startcolumn \@whilesw \i...

\newpage ->\par \vfil \penalty -\@M 
                                    
\clearpage ->\newpage 
                      \write \m@ne {}\vbox {}\penalty -\@Mi 
l.123 \hfill\lthtmlcheckvsize\clearpage
                                       }
The control sequence at the end of the top line
of your error message was never \def'ed. If you have
misspelled it (e.g., `\hobx'), type `I' and the correct
spelling (e.g., `I\hbox'). Otherwise just continue,
and I'll forget about whatever was undefined.

! Undefined control sequence.
\realnormalsize ...malsize \rm \else \@normalsize 
                                                  \fi 
\normalsize ->\mathsurround =0pt \realnormalsize 
                                                 \parindent =0pt\abovedispla...

\lthtmlhboxmathA ->\adjustnormalsize 
                                     \setbox \sizebox =\hbox \bgroup 
\lthtmlinlinemathA ...thtype {#1}\lthtmlhboxmathA 
                                                  \vrule height1.5ex width0pt 
l.126 \lthtmlinlinemathA{tex2html_wrap_inline17}
                                                %
The control sequence at the end of the top line
of your error message was never \def'ed. If you have
misspelled it (e.g., `\hobx'), type `I' and the correct
spelling (e.g., `I\hbox'). Otherwise just continue,
and I'll forget about whatever was undefined.

l2hSize :tex2html_wrap_inline17:6.45831pt::0.0pt::5.00002pt.
! Undefined control sequence.
\realnormalsize ...malsize \rm \else \@normalsize 
                                                  \fi 
\normalsize ->\mathsurround =0pt \realnormalsize 
                                                 \parindent =0pt\abovedispla...

\@outputpage ...ut \vbox {\reset@font \normalsize 
                                                  \baselineskip \z@ \lineski...

\@opcol ...lumn \@outputdblcol \else \@outputpage 
                                                  \global \@colht \textheigh...
<output> ...specialoutput \else \@makecol \@opcol 
                                                  \@floatplacement \@startco...

\newpage ->\par \vfil \penalty -\@M 
                                    
...
l.129 \hfill\lthtmlcheckvsize\clearpage
                                       }
The control sequence at the end of the top line
of your error message was never \def'ed. If you have
misspelled it (e.g., `\hobx'), type `I' and the correct
spelling (e.g., `I\hbox'). Otherwise just continue,
and I'll forget about whatever was undefined.

[6


]
! Undefined control sequence.
\@floatplacement ...global \@toproom \topfraction 
                                                  \@colht \global \@botnum \...
<output> ...se \@makecol \@opcol \@floatplacement 
                                                  \@startcolumn \@whilesw \i...

\newpage ->\par \vfil \penalty -\@M 
                                    
\clearpage ->\newpage 
                      \write \m@ne {}\vbox {}\penalty -\@Mi 
l.129 \hfill\lthtmlcheckvsize\clearpage
                                       }
The control sequence at the end of the top line
of your error message was never \def'ed. If you have
misspelled it (e.g., `\hobx'), type `I' and the correct
spelling (e.g., `I\hbox'). Otherwise just continue,
and I'll forget about whatever was undefined.

! Undefined control sequence.
\@floatplacement ...bal \@botroom \bottomfraction 
                                                  \@colht \global \@colnum \...
<output> ...se \@makecol \@opcol \@floatplacement 
                                                  \@startcolumn \@whilesw \i...

\newpage ->\par \vfil \penalty -\@M 
                                    
\clearpage ->\newpage 
                      \write \m@ne {}\vbox {}\penalty -\@Mi 
l.129 \hfill\lthtmlcheckvsize\clearpage
                                       }
The control sequence at the end of the top line
of your error message was never \def'ed. If you have
misspelled it (e.g., `\hobx'), type `I' and the correct
spelling (e.g., `I\hbox'). Otherwise just continue,
and I'll forget about whatever was undefined.

! Undefined control sequence.
\@floatplacement ...er \@fpmin \floatpagefraction 
                                                  \@colht 
<output> ...se \@makecol \@opcol \@floatplacement 
                                                  \@startcolumn \@whilesw \i...

\newpage ->\par \vfil \penalty -\@M 
                                    
\clearpage ->\newpage 
                      \write \m@ne {}\vbox {}\penalty -\@Mi 
l.129 \hfill\lthtmlcheckvsize\clearpage
                                       }
The control sequence at the end of the top line
of your error message was never \def'ed. If you have
misspelled it (e.g., `\hobx'), type `I' and the correct
spelling (e.g., `I\hbox'). Otherwise just continue,
and I'll forget about whatever was undefined.

! You can't use `\relax' after \advance.
<recently read> \c@subsection 
                              
\stepcounter ...l \advance \csname c@#1\endcsname 
                                                  \@ne {\let \@elt \@stpelt ...
l.131 \stepcounter{subsection}
                              
I'm forgetting what you said and not changing anything.

! You can't use `\relax' after \advance.
<recently read> \c@section 
                           
\stepcounter ...l \advance \csname c@#1\endcsname 
                                                  \@ne {\let \@elt \@stpelt ...
l.132 \stepcounter{section}
                           
I'm forgetting what you said and not changing anything.

! Undefined control sequence.
\normalsize ...\normalsize \rm \else \@normalsize 
                                                  \fi 
\@outputpage ...ut \vbox {\reset@font \normalsize 
                                                  \baselineskip \z@ \lineski...

\@opcol ...lumn \@outputdblcol \else \@outputpage 
                                                  \global \@colht \textheigh...
<output> ...specialoutput \else \@makecol \@opcol 
                                                  \@floatplacement \@startco...

\newpage ->\par \vfil \penalty -\@M 
                                    
l.133 {\newpage
               \clearpage
The control sequence at the end of the top line
of your error message was never \def'ed. If you have
misspelled it (e.g., `\hobx'), type `I' and the correct
spelling (e.g., `I\hbox'). Otherwise just continue,
and I'll forget about whatever was undefined.

[7

]
! Undefined control sequence.
\@floatplacement ...global \@toproom \topfraction 
                                                  \@colht \global \@botnum \...
<output> ...se \@makecol \@opcol \@floatplacement 
                                                  \@startcolumn \@whilesw \i...

\newpage ->\par \vfil \penalty -\@M 
                                    
l.133 {\newpage
               \clearpage
The control sequence at the end of the top line
of your error message was never \def'ed. If you have
misspelled it (e.g., `\hobx'), type `I' and the correct
spelling (e.g., `I\hbox'). Otherwise just continue,
and I'll forget about whatever was undefined.

! Undefined control sequence.
\@floatplacement ...bal \@botroom \bottomfraction 
                                                  \@colht \global \@colnum \...
<output> ...se \@makecol \@opcol \@floatplacement 
                                                  \@startcolumn \@whilesw \i...

\newpage ->\par \vfil \penalty -\@M 
                                    
l.133 {\newpage
               \clearpage
The control sequence at the end of the top line
of your error message was never \def'ed. If you have
misspelled it (e.g., `\hobx'), type `I' and the correct
spelling (e.g., `I\hbox'). Otherwise just continue,
and I'll forget about whatever was undefined.

! Undefined control sequence.
\@floatplacement ...er \@fpmin \floatpagefraction 
                                                  \@colht 
<output> ...se \@makecol \@opcol \@floatplacement 
                                                  \@startcolumn \@whilesw \i...

\newpage ->\par \vfil \penalty -\@M 
                                    
l.133 {\newpage
               \clearpage
The control sequence at the end of the top line
of your error message was never \def'ed. If you have
misspelled it (e.g., `\hobx'), type `I' and the correct
spelling (e.g., `I\hbox'). Otherwise just continue,
and I'll forget about whatever was undefined.

! Undefined control sequence.
\realnormalsize ...malsize \rm \else \@normalsize 
                                                  \fi 
\normalsize ->\mathsurround =0pt \realnormalsize 
                                                 \parindent =0pt\abovedispla...

\lthtmlhboxmathA ->\adjustnormalsize 
                                     \setbox \sizebox =\hbox \bgroup 
\lthtmlinlinemathA ...thtype {#1}\lthtmlhboxmathA 
                                                  \vrule height1.5ex width0pt 
l.134 \lthtmlinlinemathA{tex2html_wrap_inline139}
                                                 %
The control sequence at the end of the top line
of your error message was never \def'ed. If you have
misspelled it (e.g., `\hobx'), type `I' and the correct
spelling (e.g., `I\hbox'). Otherwise just continue,
and I'll forget about whatever was undefined.

l2hSize :tex2html_wrap_inline139:6.45831pt::0.0pt::11.66661pt.
! Undefined control sequence.
\realnormalsize ...malsize \rm \else \@normalsize 
                                                  \fi 
\normalsize ->\mathsurround =0pt \realnormalsize 
                                                 \parindent =0pt\abovedispla...

\@outputpage ...ut \vbox {\reset@font \normalsize 
                                                  \baselineskip \z@ \lineski...

\@opcol ...lumn \@outputdblcol \else \@outputpage 
                                                  \global \@colht \textheigh...
<output> ...specialoutput \else \@makecol \@opcol 
                                                  \@floatplacement \@startco...

\newpage ->\par \vfil \penalty -\@M 
                                    
...
l.137 \hfill\lthtmlcheckvsize\clearpage
                                       }
The control sequence at the end of the top line
of your error message was never \def'ed. If you have
misspelled it (e.g., `\hobx'), type `I' and the correct
spelling (e.g., `I\hbox'). Otherwise just continue,
and I'll forget about whatever was undefined.

[8

]
! Undefined control sequence.
\@floatplacement ...global \@toproom \topfraction 
                                                  \@colht \global \@botnum \...
<output> ...se \@makecol \@opcol \@floatplacement 
                                                  \@startcolumn \@whilesw \i...

\newpage ->\par \vfil \penalty -\@M 
                                    
\clearpage ->\newpage 
                      \write \m@ne {}\vbox {}\penalty -\@Mi 
l.137 \hfill\lthtmlcheckvsize\clearpage
                                       }
The control sequence at the end of the top line
of your error message was never \def'ed. If you have
misspelled it (e.g., `\hobx'), type `I' and the correct
spelling (e.g., `I\hbox'). Otherwise just continue,
and I'll forget about whatever was undefined.

! Undefined control sequence.
\@floatplacement ...bal \@botroom \bottomfraction 
                                                  \@colht \global \@colnum \...
<output> ...se \@makecol \@opcol \@floatplacement 
                                                  \@startcolumn \@whilesw \i...

\newpage ->\par \vfil \penalty -\@M 
                                    
\clearpage ->\newpage 
                      \write \m@ne {}\vbox {}\penalty -\@Mi 
l.137 \hfill\lthtmlcheckvsize\clearpage
                                       }
The control sequence at the end of the top line
of your error message was never \def'ed. If you have
misspelled it (e.g., `\hobx'), type `I' and the correct
spelling (e.g., `I\hbox'). Otherwise just continue,
and I'll forget about whatever was undefined.

! Undefined control sequence.
\@floatplacement ...er \@fpmin \floatpagefraction 
                                                  \@colht 
<output> ...se \@makecol \@opcol \@floatplacement 
                                                  \@startcolumn \@whilesw \i...

\newpage ->\par \vfil \penalty -\@M 
                                    
\clearpage ->\newpage 
                      \write \m@ne {}\vbox {}\penalty -\@Mi 
l.137 \hfill\lthtmlcheckvsize\clearpage
                                       }
The control sequence at the end of the top line
of your error message was never \def'ed. If you have
misspelled it (e.g., `\hobx'), type `I' and the correct
spelling (e.g., `I\hbox'). Otherwise just continue,
and I'll forget about whatever was undefined.

! You can't use `\relax' after \advance.
<recently read> \c@subsection 
                              
\stepcounter ...l \advance \csname c@#1\endcsname 
                                                  \@ne {\let \@elt \@stpelt ...
l.139 \stepcounter{subsection}
                              
I'm forgetting what you said and not changing anything.

! You can't use `\relax' after \advance.
<recently read> \c@subsection 
                              
\stepcounter ...l \advance \csname c@#1\endcsname 
                                                  \@ne {\let \@elt \@stpelt ...
l.140 \stepcounter{subsection}
                              
I'm forgetting what you said and not changing anything.

! You can't use `\relax' after \advance.
<recently read> \c@section 
                           
\stepcounter ...l \advance \csname c@#1\endcsname 
                                                  \@ne {\let \@elt \@stpelt ...
l.141 \stepcounter{section}
                           
I'm forgetting what you said and not changing anything.

! You can't use `\relax' after \advance.
<recently read> \c@subsection 
                              
\stepcounter ...l \advance \csname c@#1\endcsname 
                                                  \@ne {\let \@elt \@stpelt ...
l.142 \stepcounter{subsection}
                              
I'm forgetting what you said and not changing anything.

! You can't use `\relax' after \advance.
<recently read> \c@subsubsection 
                                 
\stepcounter ...l \advance \csname c@#1\endcsname 
                                                  \@ne {\let \@elt \@stpelt ...
l.143 \stepcounter{subsubsection}
                                 
I'm forgetting what you said and not changing anything.

! Undefined control sequence.
\normalsize ...\normalsize \rm \else \@normalsize 
                                                  \fi 
\@outputpage ...ut \vbox {\reset@font \normalsize 
                                                  \baselineskip \z@ \lineski...

\@opcol ...lumn \@outputdblcol \else \@outputpage 
                                                  \global \@colht \textheigh...
<output> ...specialoutput \else \@makecol \@opcol 
                                                  \@floatplacement \@startco...

\newpage ->\par \vfil \penalty -\@M 
                                    
l.144 {\newpage
               \clearpage
The control sequence at the end of the top line
of your error message was never \def'ed. If you have
misspelled it (e.g., `\hobx'), type `I' and the correct
spelling (e.g., `I\hbox'). Otherwise just continue,
and I'll forget about whatever was undefined.

[9

]
! Undefined control sequence.
\@floatplacement ...global \@toproom \topfraction 
                                                  \@colht \global \@botnum \...
<output> ...se \@makecol \@opcol \@floatplacement 
                                                  \@startcolumn \@whilesw \i...

\newpage ->\par \vfil \penalty -\@M 
                                    
l.144 {\newpage
               \clearpage
The control sequence at the end of the top line
of your error message was never \def'ed. If you have
misspelled it (e.g., `\hobx'), type `I' and the correct
spelling (e.g., `I\hbox'). Otherwise just continue,
and I'll forget about whatever was undefined.

! Undefined control sequence.
\@floatplacement ...bal \@botroom \bottomfraction 
                                                  \@colht \global \@colnum \...
<output> ...se \@makecol \@opcol \@floatplacement 
                                                  \@startcolumn \@whilesw \i...

\newpage ->\par \vfil \penalty -\@M 
                                    
l.144 {\newpage
               \clearpage
The control sequence at the end of the top line
of your error message was never \def'ed. If you have
misspelled it (e.g., `\hobx'), type `I' and the correct
spelling (e.g., `I\hbox'). Otherwise just continue,
and I'll forget about whatever was undefined.

! Undefined control sequence.
\@floatplacement ...er \@fpmin \floatpagefraction 
                                                  \@colht 
<output> ...se \@makecol \@opcol \@floatplacement 
                                                  \@startcolumn \@whilesw \i...

\newpage ->\par \vfil \penalty -\@M 
                                    
l.144 {\newpage
               \clearpage
The control sequence at the end of the top line
of your error message was never \def'ed. If you have
misspelled it (e.g., `\hobx'), type `I' and the correct
spelling (e.g., `I\hbox'). Otherwise just continue,
and I'll forget about whatever was undefined.

! Undefined control sequence.
\realnormalsize ...malsize \rm \else \@normalsize 
                                                  \fi 
\normalsize ->\mathsurround =0pt \realnormalsize 
                                                 \parindent =0pt\abovedispla...

\lthtmlhboxmathA ->\adjustnormalsize 
                                     \setbox \sizebox =\hbox \bgroup 
\lthtmlinlinemathA ...thtype {#1}\lthtmlhboxmathA 
                                                  \vrule height1.5ex width0pt 
l.145 \lthtmlinlinemathA{tex2html_wrap_inline143}
                                                 %
The control sequence at the end of the top line
of your error message was never \def'ed. If you have
misspelled it (e.g., `\hobx'), type `I' and the correct
spelling (e.g., `I\hbox'). Otherwise just continue,
and I'll forget about whatever was undefined.

l2hSize :tex2html_wrap_inline143:7.44444pt::7.44444pt::23.73618pt.
! Undefined control sequence.
\realnormalsize ...malsize \rm \else \@normalsize 
                                                  \fi 
\normalsize ->\mathsurround =0pt \realnormalsize 
                                                 \parindent =0pt\abovedispla...

\@outputpage ...ut \vbox {\reset@font \normalsize 
                                                  \baselineskip \z@ \lineski...

\@opcol ...lumn \@outputdblcol \else \@outputpage 
                                                  \global \@colht \textheigh...
<output> ...specialoutput \else \@makecol \@opcol 
                                                  \@floatplacement \@startco...

\newpage ->\par \vfil \penalty -\@M 
                                    
...
l.148 \hfill\lthtmlcheckvsize\clearpage
                                       }
The control sequence at the end of the top line
of your error message was never \def'ed. If you have
misspelled it (e.g., `\hobx'), type `I' and the correct
spelling (e.g., `I\hbox'). Otherwise just continue,
and I'll forget about whatever was undefined.

[10

]
! Undefined control sequence.
\@floatplacement ...global \@toproom \topfraction 
                                                  \@colht \global \@botnum \...
<output> ...se \@makecol \@opcol \@floatplacement 
                                                  \@startcolumn \@whilesw \i...

\newpage ->\par \vfil \penalty -\@M 
                                    
\clearpage ->\newpage 
                      \write \m@ne {}\vbox {}\penalty -\@Mi 
l.148 \hfill\lthtmlcheckvsize\clearpage
                                       }
The control sequence at the end of the top line
of your error message was never \def'ed. If you have
misspelled it (e.g., `\hobx'), type `I' and the correct
spelling (e.g., `I\hbox'). Otherwise just continue,
and I'll forget about whatever was undefined.

! Undefined control sequence.
\@floatplacement ...bal \@botroom \bottomfraction 
                                                  \@colht \global \@colnum \...
<output> ...se \@makecol \@opcol \@floatplacement 
                                                  \@startcolumn \@whilesw \i...

\newpage ->\par \vfil \penalty -\@M 
                                    
\clearpage ->\newpage 
                      \write \m@ne {}\vbox {}\penalty -\@Mi 
l.148 \hfill\lthtmlcheckvsize\clearpage
                                       }
The control sequence at the end of the top line
of your error message was never \def'ed. If you have
misspelled it (e.g., `\hobx'), type `I' and the correct
spelling (e.g., `I\hbox'). Otherwise just continue,
and I'll forget about whatever was undefined.

! Undefined control sequence.
\@floatplacement ...er \@fpmin \floatpagefraction 
                                                  \@colht 
<output> ...se \@makecol \@opcol \@floatplacement 
                                                  \@startcolumn \@whilesw \i...

\newpage ->\par \vfil \penalty -\@M 
                                    
\clearpage ->\newpage 
                      \write \m@ne {}\vbox {}\penalty -\@Mi 
l.148 \hfill\lthtmlcheckvsize\clearpage
                                       }
The control sequence at the end of the top line
of your error message was never \def'ed. If you have
misspelled it (e.g., `\hobx'), type `I' and the correct
spelling (e.g., `I\hbox'). Otherwise just continue,
and I'll forget about whatever was undefined.

! Undefined control sequence.
\realnormalsize ...malsize \rm \else \@normalsize 
                                                  \fi 
\normalsize ->\mathsurround =0pt \realnormalsize 
                                                 \parindent =0pt\abovedispla...

\lthtmlhboxmathA ->\adjustnormalsize 
                                     \setbox \sizebox =\hbox \bgroup 
\lthtmlinlinemathA ...thtype {#1}\lthtmlhboxmathA 
                                                  \vrule height1.5ex width0pt 
l.151 \lthtmlinlinemathA{tex2html_wrap_inline147}
                                                 %
The control sequence at the end of the top line
of your error message was never \def'ed. If you have
misspelled it (e.g., `\hobx'), type `I' and the correct
spelling (e.g., `I\hbox'). Otherwise just continue,
and I'll forget about whatever was undefined.

l2hSize :tex2html_wrap_inline147:7.44444pt::7.44444pt::26.42004pt.
! Undefined control sequence.
\realnormalsize ...malsize \rm \else \@normalsize 
                                                  \fi 
\normalsize ->\mathsurround =0pt \realnormalsize 
                                                 \parindent =0pt\abovedispla...

\@outputpage ...ut \vbox {\reset@font \normalsize 
                                                  \baselineskip \z@ \lineski...

\@opcol ...lumn \@outputdblcol \else \@outputpage 
                                                  \global \@colht \textheigh...
<output> ...specialoutput \else \@makecol \@opcol 
                                                  \@floatplacement \@startco...

\newpage ->\par \vfil \penalty -\@M 
                                    
...
l.154 \hfill\lthtmlcheckvsize\clearpage
                                       }
The control sequence at the end of the top line
of your error message was never \def'ed. If you have
misspelled it (e.g., `\hobx'), type `I' and the correct
spelling (e.g., `I\hbox'). Otherwise just continue,
and I'll forget about whatever was undefined.

[11


]
! Undefined control sequence.
\@floatplacement ...global \@toproom \topfraction 
                                                  \@colht \global \@botnum \...
<output> ...se \@makecol \@opcol \@floatplacement 
                                                  \@startcolumn \@whilesw \i...

\newpage ->\par \vfil \penalty -\@M 
                                    
\clearpage ->\newpage 
                      \write \m@ne {}\vbox {}\penalty -\@Mi 
l.154 \hfill\lthtmlcheckvsize\clearpage
                                       }
The control sequence at the end of the top line
of your error message was never \def'ed. If you have
misspelled it (e.g., `\hobx'), type `I' and the correct
spelling (e.g., `I\hbox'). Otherwise just continue,
and I'll forget about whatever was undefined.

! Undefined control sequence.
\@floatplacement ...bal \@botroom \bottomfraction 
                                                  \@colht \global \@colnum \...
<output> ...se \@makecol \@opcol \@floatplacement 
                                                  \@startcolumn \@whilesw \i...

\newpage ->\par \vfil \penalty -\@M 
                                    
\clearpage ->\newpage 
                      \write \m@ne {}\vbox {}\penalty -\@Mi 
l.154 \hfill\lthtmlcheckvsize\clearpage
                                       }
The control sequence at the end of the top line
of your error message was never \def'ed. If you have
misspelled it (e.g., `\hobx'), type `I' and the correct
spelling (e.g., `I\hbox'). Otherwise just continue,
and I'll forget about whatever was undefined.

! Undefined control sequence.
\@floatplacement ...er \@fpmin \floatpagefraction 
                                                  \@colht 
<output> ...se \@makecol \@opcol \@floatplacement 
                                                  \@startcolumn \@whilesw \i...

\newpage ->\par \vfil \penalty -\@M 
                                    
\clearpage ->\newpage 
                      \write \m@ne {}\vbox {}\penalty -\@Mi 
l.154 \hfill\lthtmlcheckvsize\clearpage
                                       }
The control sequence at the end of the top line
of your error message was never \def'ed. If you have
misspelled it (e.g., `\hobx'), type `I' and the correct
spelling (e.g., `I\hbox'). Otherwise just continue,
and I'll forget about whatever was undefined.

! Undefined control sequence.
\realnormalsize ...malsize \rm \else \@normalsize 
                                                  \fi 
\normalsize ->\mathsurround =0pt \realnormalsize 
                                                 \parindent =0pt\abovedispla...

\lthtmlhboxmathA ->\adjustnormalsize 
                                     \setbox \sizebox =\hbox \bgroup 
\lthtmlinlinemathA ...thtype {#1}\lthtmlhboxmathA 
                                                  \vrule height1.5ex width0pt 
l.157 \lthtmlinlinemathA{tex2html_wrap_inline151}
                                                 %
The control sequence at the end of the top line
of your error message was never \def'ed. If you have
misspelled it (e.g., `\hobx'), type `I' and the correct
spelling (e.g., `I\hbox'). Otherwise just continue,
and I'll forget about whatever was undefined.

l2hSize :tex2html_wrap_inline151:7.44444pt::7.44444pt::31.54807pt.
! Undefined control sequence.
\realnormalsize ...malsize \rm \else \@normalsize 
                                                  \fi 
\normalsize ->\mathsurround =0pt \realnormalsize 
                                                 \parindent =0pt\abovedispla...

\@outputpage ...ut \vbox {\reset@font \normalsize 
                                                  \baselineskip \z@ \lineski...

\@opcol ...lumn \@outputdblcol \else \@outputpage 
                                                  \global \@colht \textheigh...
<output> ...specialoutput \else \@makecol \@opcol 
                                                  \@floatplacement \@startco...

\newpage ->\par \vfil \penalty -\@M 
                                    
...
l.160 \hfill\lthtmlcheckvsize\clearpage
                                       }
The control sequence at the end of the top line
of your error message was never \def'ed. If you have
misspelled it (e.g., `\hobx'), type `I' and the correct
spelling (e.g., `I\hbox'). Otherwise just continue,
and I'll forget about whatever was undefined.

[12


]
! Undefined control sequence.
\@floatplacement ...global \@toproom \topfraction 
                                                  \@colht \global \@botnum \...
<output> ...se \@makecol \@opcol \@floatplacement 
                                                  \@startcolumn \@whilesw \i...

\newpage ->\par \vfil \penalty -\@M 
                                    
\clearpage ->\newpage 
                      \write \m@ne {}\vbox {}\penalty -\@Mi 
l.160 \hfill\lthtmlcheckvsize\clearpage
                                       }
The control sequence at the end of the top line
of your error message was never \def'ed. If you have
misspelled it (e.g., `\hobx'), type `I' and the correct
spelling (e.g., `I\hbox'). Otherwise just continue,
and I'll forget about whatever was undefined.

! Undefined control sequence.
\@floatplacement ...bal \@botroom \bottomfraction 
                                                  \@colht \global \@colnum \...
<output> ...se \@makecol \@opcol \@floatplacement 
                                                  \@startcolumn \@whilesw \i...

\newpage ->\par \vfil \penalty -\@M 
                                    
\clearpage ->\newpage 
                      \write \m@ne {}\vbox {}\penalty -\@Mi 
l.160 \hfill\lthtmlcheckvsize\clearpage
                                       }
The control sequence at the end of the top line
of your error message was never \def'ed. If you have
misspelled it (e.g., `\hobx'), type `I' and the correct
spelling (e.g., `I\hbox'). Otherwise just continue,
and I'll forget about whatever was undefined.

! Undefined control sequence.
\@floatplacement ...er \@fpmin \floatpagefraction 
                                                  \@colht 
<output> ...se \@makecol \@opcol \@floatplacement 
                                                  \@startcolumn \@whilesw \i...

\newpage ->\par \vfil \penalty -\@M 
                                    
\clearpage ->\newpage 
                      \write \m@ne {}\vbox {}\penalty -\@Mi 
l.160 \hfill\lthtmlcheckvsize\clearpage
                                       }
The control sequence at the end of the top line
of your error message was never \def'ed. If you have
misspelled it (e.g., `\hobx'), type `I' and the correct
spelling (e.g., `I\hbox'). Otherwise just continue,
and I'll forget about whatever was undefined.

! You can't use `\relax' after \advance.
<recently read> \c@subsubsection 
                                 
\stepcounter ...l \advance \csname c@#1\endcsname 
                                                  \@ne {\let \@elt \@stpelt ...
l.162 \stepcounter{subsubsection}
                                 
I'm forgetting what you said and not changing anything.

! You can't use `\relax' after \advance.
<recently read> \c@subsection 
                              
\stepcounter ...l \advance \csname c@#1\endcsname 
                                                  \@ne {\let \@elt \@stpelt ...
l.163 \stepcounter{subsection}
                              
I'm forgetting what you said and not changing anything.

! You can't use `\relax' after \advance.
<recently read> \c@subsection 
                              
\stepcounter ...l \advance \csname c@#1\endcsname 
                                                  \@ne {\let \@elt \@stpelt ...
l.164 \stepcounter{subsection}
                              
I'm forgetting what you said and not changing anything.

! You can't use `\relax' after \advance.
<recently read> \c@subsubsection 
                                 
\stepcounter ...l \advance \csname c@#1\endcsname 
                                                  \@ne {\let \@elt \@stpelt ...
l.165 \stepcounter{subsubsection}
                                 
I'm forgetting what you said and not changing anything.

! You can't use `\relax' after \advance.
<recently read> \c@subsubsection 
                                 
\stepcounter ...l \advance \csname c@#1\endcsname 
                                                  \@ne {\let \@elt \@stpelt ...
l.166 \stepcounter{subsubsection}
                                 
I'm forgetting what you said and not changing anything.

! You can't use `\relax' after \advance.
<recently read> \c@subsubsection 
                                 
\stepcounter ...l \advance \csname c@#1\endcsname 
                                                  \@ne {\let \@elt \@stpelt ...
l.167 \stepcounter{subsubsection}
                                 
I'm forgetting what you said and not changing anything.

! You can't use `\relax' after \advance.
<recently read> \c@subsubsection 
                                 
\stepcounter ...l \advance \csname c@#1\endcsname 
                                                  \@ne {\let \@elt \@stpelt ...
l.168 \stepcounter{subsubsection}
                                 
I'm forgetting what you said and not changing anything.

! You can't use `\relax' after \advance.
<recently read> \c@subsubsection 
                                 
\stepcounter ...l \advance \csname c@#1\endcsname 
                                                  \@ne {\let \@elt \@stpelt ...
l.169 \stepcounter{subsubsection}
                                 
I'm forgetting what you said and not changing anything.

! You can't use `\relax' after \advance.
<recently read> \c@subsubsection 
                                 
\stepcounter ...l \advance \csname c@#1\endcsname 
                                                  \@ne {\let \@elt \@stpelt ...
l.170 \stepcounter{subsubsection}
                                 
I'm forgetting what you said and not changing anything.

! You can't use `\relax' after \advance.
<recently read> \c@subsubsection 
                                 
\stepcounter ...l \advance \csname c@#1\endcsname 
                                                  \@ne {\let \@elt \@stpelt ...
l.171 \stepcounter{subsubsection}
                                 
I'm forgetting what you said and not changing anything.

! You can't use `\relax' after \advance.
<recently read> \c@subsubsection 
                                 
\stepcounter ...l \advance \csname c@#1\endcsname 
                                                  \@ne {\let \@elt \@stpelt ...
l.172 \stepcounter{subsubsection}
                                 
I'm forgetting what you said and not changing anything.

! You can't use `\relax' after \advance.
<recently read> \c@subsection 
                              
\stepcounter ...l \advance \csname c@#1\endcsname 
                                                  \@ne {\let \@elt \@stpelt ...
l.173 \stepcounter{subsection}
                              
I'm forgetting what you said and not changing anything.

! You can't use `\relax' after \advance.
<recently read> \c@subsubsection 
                                 
\stepcounter ...l \advance \csname c@#1\endcsname 
                                                  \@ne {\let \@elt \@stpelt ...
l.174 \stepcounter{subsubsection}
                                 
I'm forgetting what you said and not changing anything.

! You can't use `\relax' after \advance.
<recently read> \c@subsubsection 
                                 
\stepcounter ...l \advance \csname c@#1\endcsname 
                                                  \@ne {\let \@elt \@stpelt ...
l.175 \stepcounter{subsubsection}
                                 
I'm forgetting what you said and not changing anything.

! You can't use `\relax' after \advance.
<recently read> \c@subsubsection 
                                 
\stepcounter ...l \advance \csname c@#1\endcsname 
                                                  \@ne {\let \@elt \@stpelt ...
l.176 \stepcounter{subsubsection}
                                 
I'm forgetting what you said and not changing anything.

! You can't use `\relax' after \advance.
<recently read> \c@subsubsection 
                                 
\stepcounter ...l \advance \csname c@#1\endcsname 
                                                  \@ne {\let \@elt \@stpelt ...
l.177 \stepcounter{subsubsection}
                                 
I'm forgetting what you said and not changing anything.

! You can't use `\relax' after \advance.
<recently read> \c@subsubsection 
                                 
\stepcounter ...l \advance \csname c@#1\endcsname 
                                                  \@ne {\let \@elt \@stpelt ...
l.178 \stepcounter{subsubsection}
                                 
I'm forgetting what you said and not changing anything.

! You can't use `\relax' after \advance.
<recently read> \c@section 
                           
\stepcounter ...l \advance \csname c@#1\endcsname 
                                                  \@ne {\let \@elt \@stpelt ...
l.179 \stepcounter{section}
                           
I'm forgetting what you said and not changing anything.

! Undefined control sequence.
\normalsize ...\normalsize \rm \else \@normalsize 
                                                  \fi 
\@outputpage ...ut \vbox {\reset@font \normalsize 
                                                  \baselineskip \z@ \lineski...

\@opcol ...lumn \@outputdblcol \else \@outputpage 
                                                  \global \@colht \textheigh...
<output> ...specialoutput \else \@makecol \@opcol 
                                                  \@floatplacement \@startco...

\newpage ->\par \vfil \penalty -\@M 
                                    
\clearpage ->\newpage 
                      \write \m@ne {}\vbox {}\penalty -\@Mi 
...
l.181 \end{document}
                    
The control sequence at the end of the top line
of your error message was never \def'ed. If you have
misspelled it (e.g., `\hobx'), type `I' and the correct
spelling (e.g., `I\hbox'). Otherwise just continue,
and I'll forget about whatever was undefined.

[13

]
! Undefined control sequence.
\@floatplacement ...global \@toproom \topfraction 
                                                  \@colht \global \@botnum \...
<output> ...se \@makecol \@opcol \@floatplacement 
                                                  \@startcolumn \@whilesw \i...

\newpage ->\par \vfil \penalty -\@M 
                                    
\clearpage ->\newpage 
                      \write \m@ne {}\vbox {}\penalty -\@Mi 
\enddocument ->\@checkend {document}\clearpage 
                                               \begingroup \if@filesw \immed...

\end #1->\csname end#1\endcsname 
                                 \@checkend {#1}\expandafter \endgroup \if@e...
l.181 \end{document}
                    
The control sequence at the end of the top line
of your error message was never \def'ed. If you have
misspelled it (e.g., `\hobx'), type `I' and the correct
spelling (e.g., `I\hbox'). Otherwise just continue,
and I'll forget about whatever was undefined.

! Undefined control sequence.
\@floatplacement ...bal \@botroom \bottomfraction 
                                                  \@colht \global \@colnum \...
<output> ...se \@makecol \@opcol \@floatplacement 
                                                  \@startcolumn \@whilesw \i...

\newpage ->\par \vfil \penalty -\@M 
                                    
\clearpage ->\newpage 
                      \write \m@ne {}\vbox {}\penalty -\@Mi 
\enddocument ->\@checkend {document}\clearpage 
                                               \begingroup \if@filesw \immed...

\end #1->\csname end#1\endcsname 
                                 \@checkend {#1}\expandafter \endgroup \if@e...
l.181 \end{document}
                    
The control sequence at the end of the top line
of your error message was never \def'ed. If you have
misspelled it (e.g., `\hobx'), type `I' and the correct
spelling (e.g., `I\hbox'). Otherwise just continue,
and I'll forget about whatever was undefined.

! Undefined control sequence.
\@floatplacement ...er \@fpmin \floatpagefraction 
                                                  \@colht 
<output> ...se \@makecol \@opcol \@floatplacement 
                                                  \@startcolumn \@whilesw \i...

\newpage ->\par \vfil \penalty -\@M 
                                    
\clearpage ->\newpage 
                      \write \m@ne {}\vbox {}\penalty -\@Mi 
\enddocument ->\@checkend {document}\clearpage 
                                               \begingroup \if@filesw \immed...

\end #1->\csname end#1\endcsname 
                                 \@checkend {#1}\expandafter \endgroup \if@e...
l.181 \end{document}
                    
The control sequence at the end of the top line
of your error message was never \def'ed. If you have
misspelled it (e.g., `\hobx'), type `I' and the correct
spelling (e.g., `I\hbox'). Otherwise just continue,
and I'll forget about whatever was undefined.

(images.aux) ) 
Here is how much of TeX's memory you used:
 57 strings out of 11977
 649 string characters out of 87168
 23624 words of memory out of 262141
 2021 multiletter control sequences out of 9500
 18996 words of font info for 72 fonts, out of 100000 for 255
 14 hyphenation exceptions out of 607
 10i,4n,12p,133b,74s stack positions out of 300i,100n,60p,3000b,4000s

Output written on images.dvi (13 pages, 1680 bytes).
