This is TeX, Version 3.1415 (C version 6.1) (format=latex2e 96.5.8)  8 JUN 1997 17:39
**al.tex
(al.tex
LaTeX2e <1995/12/01> patch level 2
(/usr/imports/lib/tex/latex2e/article.cls
Document Class: article 1995/12/20 v1.3q Standard LaTeX document class
(/usr/imports/lib/tex/latex2e/size11.clo
File: size11.clo 1995/12/20 v1.3q Standard LaTeX file (size option)
)
\c@part=\count79
\c@section=\count80
\c@subsection=\count81
\c@subsubsection=\count82
\c@paragraph=\count83
\c@subparagraph=\count84
\c@figure=\count85
\c@table=\count86
\abovecaptionskip=\skip41
\belowcaptionskip=\skip42
\bibindent=\dimen102
)
(/usr/imports/lib/tex/latex2e/eufrak.sty
Package: eufrak 1995/01/06 v2.2 Euler Fraktur fonts
LaTeX Font Info:    Overwriting math alphabet `\EuFrak' in version `bold'
(Font)                  U/euf/m/n --> U/euf/b/n on input line 52.
)

LaTeX Warning: Unused global option(s):
    [fullpage].

(al.aux)
LaTeX Font Info:    Checking defaults for OML/cmm/m/it on input line 5.
LaTeX Font Info:    ... okay on input line 5.
LaTeX Font Info:    Checking defaults for T1/cmr/m/n on input line 5.
LaTeX Font Info:    ... okay on input line 5.
LaTeX Font Info:    Checking defaults for OT1/cmr/m/n on input line 5.
LaTeX Font Info:    ... okay on input line 5.
LaTeX Font Info:    Checking defaults for OMS/cmsy/m/n on input line 5.
LaTeX Font Info:    ... okay on input line 5.
LaTeX Font Info:    Checking defaults for OMX/cmex/m/n on input line 5.
LaTeX Font Info:    ... okay on input line 5.
LaTeX Font Info:    Checking defaults for U/cmr/m/n on input line 5.
LaTeX Font Info:    ... okay on input line 5.
LaTeX Font Info:    External font `cmex10' loaded for size
(Font)              <24.88> on input line 9.
LaTeX Font Info:    External font `cmex10' loaded for size
(Font)              <20.74> on input line 9.
LaTeX Font Info:    External font `cmex10' loaded for size
(Font)              <17.28> on input line 9.
LaTeX Font Info:    Try loading font information for U+euf on input line 9.
 (/usr/imports/lib/tex/latex2e/Ueuf.fd
File: Ueuf.fd 1995/01/05 v2.2e AMS font definitions
) [1

] (al.aux) ) 
Here is how much of TeX's memory you used:
 252 strings out of 10945
 2583 string characters out of 73482
 44008 words of memory out of 262141
 3155 multiletter control sequences out of 9500
 7390 words of font info for 27 fonts, out of 100000 for 255
 14 hyphenation exceptions out of 607
 21i,4n,22p,161b,114s stack positions out of 300i,100n,60p,3000b,4000s

Output written on al.dvi (1 page, 492 bytes).
