This is TeX, Version 3.14159 (Web2C 7.3.1) (format=tex 2001.5.9)  18 FEB 2005 14:39
**cv
(cv.tex
\papno=\count26
\subsecnumber=\count27
\subsubsecnumber=\count28
\secnumber=\count29

Overfull \hbox (7.86722pt too wide) in paragraph at lines 147--152
 \tensl Rea-son-ing\tenrm , edited by M. Gins-berg. Mor-gan Kauf-mann, 1987, pp
. 56--66 (reprinted 

\hbox(7.5+2.5)x371.46176
.\glue(\leftskip) 18.06749
.\tensl R
.\tensl e
.\tensl a
.\discretionary
..\tensl -
.etc.

[1]
Overfull \hbox (15.43626pt too wide) in paragraph at lines 177--185
 [][]\tenrm Limited scope and cir-cum-scrip-tive rea-son-ing. (With D. Ether-in
g-ton and S.  Kraus.) 

\hbox(7.5+2.5)x391.46176
.\glue(\leftskip) 18.06749
.\hbox(0.0+0.0)x20.0
.\hbox(6.44444+0.0)x0.0, glue set - 16.11078fil
..\glue 0.0 plus 1.0fil minus 1.0fil
..\tenrm 6
..\tenrm .
..\glue(\spaceskip) 3.33298
..\kern 5.0
.\tenrm L
.\tenrm i
.etc.


Overfull \hbox (8.15881pt too wide) in paragraph at lines 194--200
 \tensl Source-Book in Self-Reference\tenrm , S. J. Bartlett (ed.), North-Holla
nd, 1992 (reprinted 

\hbox(7.5+2.5)x371.46176
.\glue(\leftskip) 18.06749
.\tensl S
.\tensl o
.\tensl u
.\tensl r
.etc.

[2]
Overfull \hbox (5.21547pt too wide) in paragraph at lines 230--236
 [][]\tenrm Toward Au-to-mated Ex-pert Rea-son-ing and Expert-Novice Com-mu-ni-
ca-tion. (With 

\hbox(7.5+2.5)x391.46176
.\glue(\leftskip) 18.06749
.\hbox(0.0+0.0)x20.0
.\hbox(6.44444+0.0)x0.0, glue set - 21.1108fil
..\glue 0.0 plus 1.0fil minus 1.0fil
..\tenrm 1
..\tenrm 3
..\tenrm .
..\glue(\spaceskip) 3.33298
..etc.
.\tenrm T
.\kern-0.83334
.etc.


Overfull \hbox (5.99063pt too wide) in paragraph at lines 237--240
 [][]\tenrm The role(s) of be-lief in AI. Chap-ter 14 in J. Minker (ed.) \tensl
 Logic-based AI\tenrm , Kluwer. 

\hbox(7.5+2.5)x391.46176
.\glue(\leftskip) 18.06749
.\hbox(0.0+0.0)x20.0
.\hbox(6.44444+0.0)x0.0, glue set - 21.1108fil
..\glue 0.0 plus 1.0fil minus 1.0fil
..\tenrm 1
..\tenrm 4
..\tenrm .
..\glue(\spaceskip) 3.33298
..etc.
.\tenrm T
.\tenrm h
.etc.


Overfull \hbox (6.90916pt too wide) in paragraph at lines 250--254
 [][]\tenrm Circumscription. \tensl The En-cy-clo-pe-dia of Ar-ti-fi-cial In-te
l-li-gence\tenrm , edited by S. Shapiro. 

\hbox(6.94444+1.94444)x391.46176
.\glue(\leftskip) 18.06749
.\hbox(0.0+0.0)x20.0
.\hbox(6.44444+0.0)x0.0, glue set - 16.11078fil
..\glue 0.0 plus 1.0fil minus 1.0fil
..\tenrm 1
..\tenrm .
..\glue(\spaceskip) 3.33298
..\kern 5.0
.\tenrm C
.\tenrm i
.etc.

[3]
Overfull \hbox (15.43626pt too wide) in paragraph at lines 373--380
 [][]\tenrm Limited scope and cir-cum-scrip-tive rea-son-ing. (With D. Ether-in
g-ton and S.  Kraus.) 

\hbox(7.5+2.5)x391.46176
.\glue(\leftskip) 18.06749
.\hbox(0.0+0.0)x20.0
.\hbox(6.44444+0.0)x0.0, glue set - 21.1108fil
..\glue 0.0 plus 1.0fil minus 1.0fil
..\tenrm 1
..\tenrm 8
..\tenrm .
..\glue(\spaceskip) 3.33298
..etc.
.\tenrm L
.\tenrm i
.etc.


Overfull \hbox (12.40855pt too wide) in paragraph at lines 395--400
 [][]\tenrm Nonmonotonicity and the scope of rea-son-ing. (With D. Ether-ing-to
n and S. Kraus.) 

\hbox(7.5+2.5)x391.46176
.\glue(\leftskip) 18.06749
.\hbox(0.0+0.0)x20.0
.\hbox(6.44444+0.0)x0.0, glue set - 21.1108fil
..\glue 0.0 plus 1.0fil minus 1.0fil
..\tenrm 2
..\tenrm 1
..\tenrm .
..\glue(\spaceskip) 3.33298
..etc.
.\tenrm N
.\tenrm o
.etc.

[4]
Overfull \hbox (16.99034pt too wide) in paragraph at lines 430--434
 [][]\tenrm How to (plan to) meet a dead-line be-tween \tensl now \tenrm and \t
ensl then\tenrm . (With S. Kraus, M. Miller 

\hbox(7.5+2.5)x391.46176
.\glue(\leftskip) 18.06749
.\hbox(0.0+0.0)x20.0
.\hbox(6.44444+0.0)x0.0, glue set - 21.1108fil
..\glue 0.0 plus 1.0fil minus 1.0fil
..\tenrm 2
..\tenrm 7
..\tenrm .
..\glue(\spaceskip) 3.33298
..etc.
.\tenrm H
.\tenrm o
.etc.


Overfull \hbox (7.01996pt too wide) in paragraph at lines 455--463
 [][]\tenrm Representations of di-a-logue state for do-main and task in-de-pen-
dent meta-dialogue. 

\hbox(6.94444+1.94444)x391.46176
.\glue(\leftskip) 18.06749
.\hbox(0.0+0.0)x20.0
.\hbox(6.44444+0.0)x0.0, glue set - 21.1108fil
..\glue 0.0 plus 1.0fil minus 1.0fil
..\tenrm 3
..\tenrm 2
..\tenrm .
..\glue(\spaceskip) 3.33298
..etc.
.\tenrm R
.\tenrm e
.etc.


Overfull \hbox (1.18686pt too wide) in paragraph at lines 455--463
 \tensl Elec-tronic Trans-ac-tions in Ar-ti-fi-cial In-tel-li-gence\tenrm . (Wi
th C. An-der-sen, W. Chong, 

\hbox(7.5+2.5)x371.46176
.\glue(\leftskip) 18.06749
.\tensl E
.\tensl l
.\tensl e
.\tensl c
.etc.


Overfull \hbox (8.32774pt too wide) in paragraph at lines 455--463
 \tenrm Sec-tion D, pp 125--152. http://www.ida.liu.se/ext/epa/ej/etai/1999/D/i
ndex.html  

\hbox(7.5+2.5)x371.46176
.\glue(\leftskip) 18.06749
.\tenrm S
.\tenrm e
.\tenrm c
.\discretionary
..\tenrm -
.etc.


Overfull \hbox (9.83867pt too wide) in paragraph at lines 468--472
 [][]\tenrm A logic for char-ac-ter-iz-ing mul-ti-ple bounded agents. (With S. 
Kraus and J. Grant.) 

\hbox(7.5+2.5)x391.46176
.\glue(\leftskip) 18.06749
.\hbox(0.0+0.0)x20.0
.\hbox(6.44444+0.0)x0.0, glue set - 21.1108fil
..\glue 0.0 plus 1.0fil minus 1.0fil
..\tenrm 3
..\tenrm 4
..\tenrm .
..\glue(\spaceskip) 3.33298
..etc.
.\tenrm A
.\glue 3.33298
.etc.


Overfull \hbox (13.2158pt too wide) in paragraph at lines 536--540
 [][]\tenrm Circumscription: com-plete-ness, com-pu-ta-tion, and com-mon-sense.
 (With J. Minker.) 

\hbox(7.5+2.5)x391.46176
.\glue(\leftskip) 18.06749
.\hbox(0.0+0.0)x20.0
.\hbox(6.44444+0.0)x0.0, glue set - 16.11078fil
..\glue 0.0 plus 1.0fil minus 1.0fil
..\tenrm 4
..\tenrm .
..\glue(\spaceskip) 3.33298
..\kern 5.0
.\tenrm C
.\tenrm i
.etc.

[5]
Overfull \hbox (6.65854pt too wide) in paragraph at lines 555--560
 \tenrm phia; nom-i-nated for Pub-lisher's Prize (sub-sumed in jour-nal pub-li-
ca-tion 12 above).  

\hbox(7.5+2.5)x371.46176
.\glue(\leftskip) 18.06749
.\tenrm p
.\tenrm h
.\tenrm i
.\tenrm a
.etc.


Overfull \hbox (1.76962pt too wide) in paragraph at lines 561--566
 [][]\tenrm A par-al-lel self-modifying de-fault rea-son-ing sys-tem. (With J. 
Minker and K. Sub- 

\hbox(7.5+2.5)x391.46176
.\glue(\leftskip) 18.06749
.\hbox(0.0+0.0)x20.0
.\hbox(6.44444+0.0)x0.0, glue set - 16.11078fil
..\glue 0.0 plus 1.0fil minus 1.0fil
..\tenrm 8
..\tenrm .
..\glue(\spaceskip) 3.33298
..\kern 5.0
.\tenrm A
.\glue 3.33298
.etc.


Overfull \hbox (12.10329pt too wide) in paragraph at lines 621--627
 [][]\tenrm Limited scope and cir-cum-scrip-tive rea-son-ing. (With D. Ether-in
g-ton and S. Kraus.) 

\hbox(7.5+2.5)x391.46176
.\glue(\leftskip) 18.06749
.\hbox(0.0+0.0)x20.0
.\hbox(6.44444+0.0)x0.0, glue set - 21.1108fil
..\glue 0.0 plus 1.0fil minus 1.0fil
..\tenrm 1
..\tenrm 8
..\tenrm .
..\glue(\spaceskip) 3.33298
..etc.
.\tenrm L
.\tenrm i
.etc.


Overfull \hbox (9.10367pt too wide) in paragraph at lines 641--645
 [][]\tenrm Nonmonotonicity and the scope of rea-son-ing: pre-lim-i-nary re-por
t. (With D. Ether- 

\hbox(7.5+2.5)x391.46176
.\glue(\leftskip) 18.06749
.\hbox(0.0+0.0)x20.0
.\hbox(6.44444+0.0)x0.0, glue set - 21.1108fil
..\glue 0.0 plus 1.0fil minus 1.0fil
..\tenrm 2
..\tenrm 1
..\tenrm .
..\glue(\spaceskip) 3.33298
..etc.
.\tenrm N
.\tenrm o
.etc.

[6]
Overfull \hbox (5.82555pt too wide) in paragraph at lines 664--671
 \tenrm of de-fault rea-son-ing. (With M. Miller.) \tensl Pro-ceed-ings, Sixth 
Intl Symp on Method- 

\hbox(7.5+2.5)x371.46176
.\glue(\leftskip) 18.06749
.\tenrm o
.\tenrm f
.\glue(\spaceskip) 3.33298
.\tenrm d
.etc.


Overfull \hbox (9.0196pt too wide) in paragraph at lines 728--732
 [][]\tenrm Thinking takes time: A modal active-logic for rea-son-ing \tensl in
 \tenrm time. (With M. Nirkhe 

\hbox(7.5+2.5)x391.46176
.\glue(\leftskip) 18.06749
.\hbox(0.0+0.0)x20.0
.\hbox(6.44444+0.0)x0.0, glue set - 21.1108fil
..\glue 0.0 plus 1.0fil minus 1.0fil
..\tenrm 3
..\tenrm 6
..\tenrm .
..\glue(\spaceskip) 3.33298
..etc.
.\tenrm T
.\tenrm h
.etc.

[7]
Overfull \hbox (28.60225pt too wide) in paragraph at lines 778--783
 [][]\tenrm Seven Days in the Life of a Robotic Agent. With Waiyian Chong, Mich
ael O'Donovan- 

\hbox(6.94444+1.94444)x391.46176
.\glue(\leftskip) 18.06749
.\hbox(0.0+0.0)x20.0
.\hbox(6.44444+0.0)x0.0, glue set - 21.1108fil
..\glue 0.0 plus 1.0fil minus 1.0fil
..\tenrm 4
..\tenrm 6
..\tenrm .
..\glue(\spaceskip) 3.33298
..etc.
.\tenrm S
.\tenrm e
.etc.


Overfull \hbox (8.71446pt too wide) in paragraph at lines 784--789
 [][]\tenrm Handling Un-cer-tainty with Ac-tive Logic. (With Man-jit Bha-tia, P
aul Chi, Waiyian 

\hbox(7.5+2.5)x391.46176
.\glue(\leftskip) 18.06749
.\hbox(0.0+0.0)x20.0
.\hbox(6.44444+0.0)x0.0, glue set - 21.1108fil
..\glue 0.0 plus 1.0fil minus 1.0fil
..\tenrm 4
..\tenrm 7
..\tenrm .
..\glue(\spaceskip) 3.33298
..etc.
.\tenrm H
.\tenrm a
.etc.


Overfull \hbox (1.40987pt too wide) in paragraph at lines 800--804
 [][]\tenrm Time-Situated Agency: Ac-tive Logic and In-ten-tion For-ma-tion. Co
g-ni-tive Agents 

\hbox(6.94444+1.94444)x391.46176
.\glue(\leftskip) 18.06749
.\hbox(0.0+0.0)x20.0
.\hbox(6.44444+0.0)x0.0, glue set - 21.1108fil
..\glue 0.0 plus 1.0fil minus 1.0fil
..\tenrm 5
..\tenrm 0
..\tenrm .
..\glue(\spaceskip) 3.33298
..etc.
.\tenrm T
.\tenrm i
.etc.

[8]
Overfull \hbox (8.88171pt too wide) in paragraph at lines 811--815
 \tenrm Darsana Josyula and Michael An-der-son.) IJCAI-2003, In-tel-li-gent Sys
-tems Demon- 

\hbox(7.5+2.5)x371.46176
.\glue(\leftskip) 18.06749
.\tenrm D
.\tenrm a
.\tenrm r
.\tenrm s
.etc.


Overfull \hbox (0.22752pt too wide) in paragraph at lines 821--824
 [][]\tenrm RGL Study In A Hy-brid Real-Time Sys-tem. (With K. Hen-nacy and N. 
Swamy.) 

\hbox(7.5+2.5)x391.46176
.\glue(\leftskip) 18.06749
.\hbox(0.0+0.0)x20.0
.\hbox(6.44444+0.0)x0.0, glue set - 21.1108fil
..\glue 0.0 plus 1.0fil minus 1.0fil
..\tenrm 5
..\tenrm 4
..\tenrm .
..\glue(\spaceskip) 3.33298
..etc.
.\tenrm R
.\kern-0.27779
.etc.

[9]
Overfull \hbox (5.29776pt too wide) in paragraph at lines 912--917
 [][]\tenrm Default han-dling: con-sis-tency be-fore and af-ter. (With J. Drap-
kin and M. Miller.) 

\hbox(7.5+2.5)x391.46176
.\glue(\leftskip) 18.06749
.\hbox(0.0+0.0)x20.0
.\hbox(6.44444+0.0)x0.0, glue set - 21.1108fil
..\glue 0.0 plus 1.0fil minus 1.0fil
..\tenrm 1
..\tenrm 5
..\tenrm .
..\glue(\spaceskip) 3.33298
..etc.
.\tenrm D
.\tenrm e
.etc.


Overfull \hbox (12.40855pt too wide) in paragraph at lines 970--976
 [][]\tenrm Nonmonotonicity and the scope of rea-son-ing. (With D. Ether-ing-to
n and S. Kraus.) 

\hbox(7.5+2.5)x391.46176
.\glue(\leftskip) 18.06749
.\hbox(0.0+0.0)x20.0
.\hbox(6.44444+0.0)x0.0, glue set - 21.1108fil
..\glue 0.0 plus 1.0fil minus 1.0fil
..\tenrm 2
..\tenrm 4
..\tenrm .
..\glue(\spaceskip) 3.33298
..etc.
.\tenrm N
.\tenrm o
.etc.


Overfull \hbox (9.0196pt too wide) in paragraph at lines 994--999
 [][]\tenrm Thinking takes time: A modal active-logic for rea-son-ing \tensl in
 \tenrm time. (With M. Nirkhe 

\hbox(7.5+2.5)x391.46176
.\glue(\leftskip) 18.06749
.\hbox(0.0+0.0)x20.0
.\hbox(6.44444+0.0)x0.0, glue set - 21.1108fil
..\glue 0.0 plus 1.0fil minus 1.0fil
..\tenrm 2
..\tenrm 8
..\tenrm .
..\glue(\spaceskip) 3.33298
..etc.
.\tenrm T
.\tenrm h
.etc.

[10]
Overfull \hbox (2.7699pt too wide) in paragraph at lines 1048--1052
 [][]\tenrm Whose cat-e-gory er-ror? (peer com-men-tary) \tensl Be-hav-ioral an
d Brain Sci-ences\tenrm , vol. 6, 

\hbox(7.5+2.5)x391.46176
.\glue(\leftskip) 18.06749
.\hbox(0.0+0.0)x20.0
.\hbox(6.44444+0.0)x0.0, glue set - 16.11078fil
..\glue 0.0 plus 1.0fil minus 1.0fil
..\tenrm 1
..\tenrm .
..\glue(\spaceskip) 3.33298
..\kern 5.0
.\tenrm W
.\tenrm h
.etc.


Overfull \hbox (9.38069pt too wide) in paragraph at lines 1070--1073
 [][]\tenrm The em-peror's old hat. (peer com-men-tary) \tensl Be-hav-ioral and
 Brain Sci-ences\tenrm , vol. 13, 

\hbox(7.5+2.5)x391.46176
.\glue(\leftskip) 18.06749
.\hbox(0.0+0.0)x20.0
.\hbox(6.44444+0.0)x0.0, glue set - 16.11078fil
..\glue 0.0 plus 1.0fil minus 1.0fil
..\tenrm 5
..\tenrm .
..\glue(\spaceskip) 3.33298
..\kern 5.0
.\tenrm T
.\tenrm h
.etc.

[11]
Overfull \hbox (1.49214pt too wide) in paragraph at lines 1202--1206
 \tenrm Logic for a life-time. Com-puter Sci-ence Col-lo-quium Se-ries, Har-var
d Uni-ver-sity, March 

\hbox(6.94444+1.94444)x391.46176
.\glue(\leftskip) 18.06749
.\tenrm L
.\tenrm o
.\tenrm g
.\tenrm i
.etc.

[12] [13] [14]
Overfull \hbox (9.24081pt too wide) in paragraph at lines 1353--1357
 \tenrm Journal pa-per 6 (above) listed in D. Bo-brow's 1993 com-pi-la-tion of 
the most frequently- 

\hbox(7.5+2.5)x391.46176
.\glue(\leftskip) 18.06749
.\tenrm J
.\tenrm o
.\tenrm u
.\tenrm r
.etc.

[15] [16] [17]
Overfull \hbox (10.7786pt too wide) in paragraph at lines 1903--1905
 [] \tenrm Pro-gram Com-mit-tee, Na-tional Con-fer-ence on Ar-ti-fi-cial In-tel
-li-gence (AAAI- 

\hbox(7.5+2.5)x391.46176
.\glue(\leftskip) 18.06749
.\hbox(6.44444+0.0)x0.0, glue set - 20.00006fil
..\tenrm 1
..\tenrm 9
..\tenrm 9
..\tenrm 1
..\glue 0.0 plus 1.0fil minus 1.0fil
.\glue 54.2025
.\tenrm P
.\tenrm r
.etc.

[18]
Overfull \hbox (10.7786pt too wide) in paragraph at lines 1946--1949
 [] \tenrm Pro-gram Com-mit-tee, Na-tional Con-fer-ence on Ar-ti-fi-cial In-tel
-li-gence (AAAI- 

\hbox(7.5+2.5)x391.46176
.\glue(\leftskip) 18.06749
.\hbox(6.44444+0.0)x0.0, glue set - 20.00006fil
..\tenrm 2
..\tenrm 0
..\tenrm 0
..\tenrm 4
..\glue 0.0 plus 1.0fil minus 1.0fil
.\glue 54.2025
.\tenrm P
.\tenrm r
.etc.

[19] [20] [21] [22] )
(\end occurred inside a group at level 1)
Output written on cv.dvi (22 pages, 58312 bytes).
